{"C:\\Users\\kanaka\\Documents\\Training\\BACKEND\\TechReel\\backend\\caching\\redis.client.ts": {"path":"C:\\Users\\kanaka\\Documents\\Training\\BACKEND\\TechReel\\backend\\caching\\redis.client.ts","statementMap":{"0":{"start":{"line":8,"column":0},"end":{"line":8,"column":null}},"1":{"start":{"line":10,"column":21},"end":{"line":13,"column":null}},"2":{"start":{"line":15,"column":15},"end":{"line":15,"column":55}},"3":{"start":{"line":17,"column":0},"end":{"line":21,"column":null}},"4":{"start":{"line":18,"column":4},"end":{"line":18,"column":null}},"5":{"start":{"line":20,"column":4},"end":{"line":20,"column":null}},"6":{"start":{"line":23,"column":18},"end":{"line":23,"column":36}},"7":{"start":{"line":24,"column":18},"end":{"line":24,"column":36}},"8":{"start":{"line":26,"column":0},"end":{"line":26,"column":null}}},"fnMap":{"0":{"name":"(anonymous_0)","decl":{"start":{"line":17,"column":10},"end":{"line":17,"column":20}},"loc":{"start":{"line":17,"column":33},"end":{"line":21,"column":null}},"line":17}},"branchMap":{},"s":{"0":3,"1":3,"2":3,"3":3,"4":0,"5":0,"6":3,"7":3,"8":3},"f":{"0":0},"b":{},"meta":{"lastBranch":0,"lastFunction":1,"lastStatement":9,"seen":{"s:8:0:8:Infinity":0,"s:10:21:13:Infinity":1,"s:15:15:15:55":2,"s:17:0:21:Infinity":3,"f:17:10:17:20":0,"s:18:4:18:Infinity":4,"s:20:4:20:Infinity":5,"s:23:18:23:36":6,"s:24:18:24:36":7,"s:26:0:26:Infinity":8}}}
,"C:\\Users\\kanaka\\Documents\\Training\\BACKEND\\TechReel\\backend\\db\\prisma.ts": {"path":"C:\\Users\\kanaka\\Documents\\Training\\BACKEND\\TechReel\\backend\\db\\prisma.ts","statementMap":{"0":{"start":{"line":7,"column":0},"end":{"line":7,"column":null}},"1":{"start":{"line":9,"column":13},"end":{"line":13,"column":2}},"2":{"start":{"line":14,"column":16},"end":{"line":14,"column":41}},"3":{"start":{"line":15,"column":15},"end":{"line":15,"column":44}},"4":{"start":{"line":17,"column":22},"end":{"line":23,"column":null}},"5":{"start":{"line":18,"column":4},"end":{"line":23,"column":null}},"6":{"start":{"line":19,"column":8},"end":{"line":19,"column":null}},"7":{"start":{"line":20,"column":8},"end":{"line":20,"column":null}},"8":{"start":{"line":23,"column":8},"end":{"line":23,"column":null}}},"fnMap":{"0":{"name":"(anonymous_0)","decl":{"start":{"line":17,"column":22},"end":{"line":17,"column":34}},"loc":{"start":{"line":17,"column":34},"end":{"line":23,"column":null}},"line":17}},"branchMap":{},"s":{"0":1,"1":1,"2":1,"3":1,"4":1,"5":0,"6":0,"7":0,"8":0},"f":{"0":0},"b":{},"meta":{"lastBranch":0,"lastFunction":1,"lastStatement":9,"seen":{"s:7:0:7:Infinity":0,"s:9:13:13:2":1,"s:14:16:14:41":2,"s:15:15:15:44":3,"s:17:22:23:Infinity":4,"f:17:22:17:34":0,"s:18:4:23:Infinity":5,"s:19:8:19:Infinity":6,"s:20:8:20:Infinity":7,"s:23:8:23:Infinity":8}}}
,"C:\\Users\\kanaka\\Documents\\Training\\BACKEND\\TechReel\\backend\\db\\s3.ts": {"path":"C:\\Users\\kanaka\\Documents\\Training\\BACKEND\\TechReel\\backend\\db\\s3.ts","statementMap":{"0":{"start":{"line":4,"column":17},"end":{"line":10,"column":2}}},"fnMap":{},"branchMap":{},"s":{"0":1},"f":{},"b":{},"meta":{"lastBranch":0,"lastFunction":0,"lastStatement":1,"seen":{"s:4:17:10:2":0}}}
,"C:\\Users\\kanaka\\Documents\\Training\\BACKEND\\TechReel\\backend\\generated\\prisma\\client.ts": {"path":"C:\\Users\\kanaka\\Documents\\Training\\BACKEND\\TechReel\\backend\\generated\\prisma\\client.ts","statementMap":{"0":{"start":{"line":16,"column":0},"end":{"line":16,"column":null}},"1":{"start":{"line":40,"column":28},"end":{"line":40,"column":57}}},"fnMap":{},"branchMap":{},"s":{"0":1,"1":1},"f":{},"b":{},"meta":{"lastBranch":0,"lastFunction":0,"lastStatement":2,"seen":{"s:16:0:16:Infinity":0,"s:40:28:40:57":1}}}
,"C:\\Users\\kanaka\\Documents\\Training\\BACKEND\\TechReel\\backend\\generated\\prisma\\enums.ts": {"path":"C:\\Users\\kanaka\\Documents\\Training\\BACKEND\\TechReel\\backend\\generated\\prisma\\enums.ts","statementMap":{"0":{"start":{"line":12,"column":20},"end":{"line":16,"column":null}},"1":{"start":{"line":21,"column":25},"end":{"line":24,"column":null}},"2":{"start":{"line":29,"column":22},"end":{"line":33,"column":null}},"3":{"start":{"line":38,"column":22},"end":{"line":42,"column":null}},"4":{"start":{"line":47,"column":31},"end":{"line":50,"column":null}},"5":{"start":{"line":55,"column":28},"end":{"line":63,"column":null}},"6":{"start":{"line":68,"column":28},"end":{"line":72,"column":null}},"7":{"start":{"line":77,"column":30},"end":{"line":82,"column":null}},"8":{"start":{"line":87,"column":28},"end":{"line":91,"column":null}}},"fnMap":{},"branchMap":{},"s":{"0":1,"1":1,"2":1,"3":1,"4":1,"5":1,"6":1,"7":1,"8":1},"f":{},"b":{},"meta":{"lastBranch":0,"lastFunction":0,"lastStatement":9,"seen":{"s:12:20:16:Infinity":0,"s:21:25:24:Infinity":1,"s:29:22:33:Infinity":2,"s:38:22:42:Infinity":3,"s:47:31:50:Infinity":4,"s:55:28:63:Infinity":5,"s:68:28:72:Infinity":6,"s:77:30:82:Infinity":7,"s:87:28:91:Infinity":8}}}
,"C:\\Users\\kanaka\\Documents\\Training\\BACKEND\\TechReel\\backend\\generated\\prisma\\internal\\class.ts": {"path":"C:\\Users\\kanaka\\Documents\\Training\\BACKEND\\TechReel\\backend\\generated\\prisma\\internal\\class.ts","statementMap":{"0":{"start":{"line":18,"column":46},"end":{"line":33,"column":null}},"1":{"start":{"line":35,"column":0},"end":{"line":35,"column":null}},"2":{"start":{"line":36,"column":0},"end":{"line":39,"column":null}},"3":{"start":{"line":42,"column":21},"end":{"line":42,"column":null}},"4":{"start":{"line":43,"column":20},"end":{"line":43,"column":53}},"5":{"start":{"line":44,"column":2},"end":{"line":44,"column":null}},"6":{"start":{"line":47,"column":0},"end":{"line":56,"column":null}},"7":{"start":{"line":48,"column":26},"end":{"line":48,"column":null}},"8":{"start":{"line":51,"column":21},"end":{"line":51,"column":null}},"9":{"start":{"line":52,"column":4},"end":{"line":52,"column":null}},"10":{"start":{"line":473,"column":2},"end":{"line":473,"column":null}}},"fnMap":{"0":{"name":"decodeBase64AsWasm","decl":{"start":{"line":41,"column":15},"end":{"line":41,"column":34}},"loc":{"start":{"line":41,"column":83},"end":{"line":44,"column":null}},"line":41},"1":{"name":"(anonymous_1)","decl":{"start":{"line":48,"column":14},"end":{"line":48,"column":26}},"loc":{"start":{"line":48,"column":26},"end":{"line":48,"column":null}},"line":48},"2":{"name":"(anonymous_2)","decl":{"start":{"line":50,"column":30},"end":{"line":50,"column":42}},"loc":{"start":{"line":50,"column":42},"end":{"line":52,"column":null}},"line":50},"3":{"name":"getPrismaClientClass","decl":{"start":{"line":472,"column":16},"end":{"line":472,"column":64}},"loc":{"start":{"line":472,"column":64},"end":{"line":473,"column":null}},"line":472}},"branchMap":{},"s":{"0":1,"1":1,"2":1,"3":0,"4":0,"5":0,"6":1,"7":0,"8":0,"9":0,"10":1},"f":{"0":0,"1":0,"2":0,"3":1},"b":{},"meta":{"lastBranch":0,"lastFunction":4,"lastStatement":11,"seen":{"s:18:46:33:Infinity":0,"s:35:0:35:Infinity":1,"s:36:0:39:Infinity":2,"f:41:15:41:34":0,"s:42:21:42:Infinity":3,"s:43:20:43:53":4,"s:44:2:44:Infinity":5,"s:47:0:56:Infinity":6,"f:48:14:48:26":1,"s:48:26:48:Infinity":7,"f:50:30:50:42":2,"s:51:21:51:Infinity":8,"s:52:4:52:Infinity":9,"f:472:16:472:64":3,"s:473:2:473:Infinity":10}}}
,"C:\\Users\\kanaka\\Documents\\Training\\BACKEND\\TechReel\\backend\\generated\\prisma\\internal\\prismaNamespace.ts": {"path":"C:\\Users\\kanaka\\Documents\\Training\\BACKEND\\TechReel\\backend\\generated\\prisma\\internal\\prismaNamespace.ts","statementMap":{"0":{"start":{"line":32,"column":45},"end":{"line":32,"column":null}},"1":{"start":{"line":35,"column":47},"end":{"line":35,"column":null}},"2":{"start":{"line":38,"column":42},"end":{"line":38,"column":null}},"3":{"start":{"line":41,"column":47},"end":{"line":41,"column":null}},"4":{"start":{"line":44,"column":43},"end":{"line":44,"column":null}},"5":{"start":{"line":50,"column":19},"end":{"line":50,"column":null}},"6":{"start":{"line":51,"column":21},"end":{"line":51,"column":null}},"7":{"start":{"line":52,"column":20},"end":{"line":52,"column":null}},"8":{"start":{"line":53,"column":19},"end":{"line":53,"column":null}},"9":{"start":{"line":54,"column":19},"end":{"line":54,"column":null}},"10":{"start":{"line":62,"column":23},"end":{"line":62,"column":null}},"11":{"start":{"line":71,"column":35},"end":{"line":71,"column":null}},"12":{"start":{"line":86,"column":44},"end":{"line":89,"column":null}},"13":{"start":{"line":104,"column":25},"end":{"line":108,"column":null}},"14":{"start":{"line":114,"column":22},"end":{"line":114,"column":null}},"15":{"start":{"line":121,"column":24},"end":{"line":121,"column":null}},"16":{"start":{"line":128,"column":23},"end":{"line":128,"column":null}},"17":{"start":{"line":386,"column":25},"end":{"line":415,"column":null}},"18":{"start":{"line":2535,"column":41},"end":{"line":2540,"column":11}},"19":{"start":{"line":2545,"column":36},"end":{"line":2555,"column":null}},"20":{"start":{"line":2560,"column":44},"end":{"line":2569,"column":null}},"21":{"start":{"line":2574,"column":41},"end":{"line":2584,"column":null}},"22":{"start":{"line":2589,"column":45},"end":{"line":2596,"column":null}},"23":{"start":{"line":2601,"column":37},"end":{"line":2606,"column":null}},"24":{"start":{"line":2611,"column":37},"end":{"line":2618,"column":null}},"25":{"start":{"line":2623,"column":35},"end":{"line":2627,"column":null}},"26":{"start":{"line":2632,"column":36},"end":{"line":2649,"column":null}},"27":{"start":{"line":2654,"column":43},"end":{"line":2662,"column":null}},"28":{"start":{"line":2667,"column":49},"end":{"line":2673,"column":null}},"29":{"start":{"line":2678,"column":40},"end":{"line":2686,"column":null}},"30":{"start":{"line":2691,"column":38},"end":{"line":2697,"column":null}},"31":{"start":{"line":2702,"column":42},"end":{"line":2711,"column":null}},"32":{"start":{"line":2716,"column":45},"end":{"line":2724,"column":null}},"33":{"start":{"line":2729,"column":41},"end":{"line":2736,"column":null}},"34":{"start":{"line":2741,"column":41},"end":{"line":2746,"column":null}},"35":{"start":{"line":2751,"column":43},"end":{"line":2756,"column":null}},"36":{"start":{"line":2761,"column":41},"end":{"line":2767,"column":null}},"37":{"start":{"line":2772,"column":43},"end":{"line":2779,"column":null}},"38":{"start":{"line":2784,"column":41},"end":{"line":2795,"column":null}},"39":{"start":{"line":2800,"column":37},"end":{"line":2809,"column":null}},"40":{"start":{"line":2814,"column":42},"end":{"line":2819,"column":null}},"41":{"start":{"line":2824,"column":44},"end":{"line":2833,"column":null}},"42":{"start":{"line":2838,"column":49},"end":{"line":2845,"column":null}},"43":{"start":{"line":2850,"column":52},"end":{"line":2859,"column":null}},"44":{"start":{"line":2864,"column":48},"end":{"line":2870,"column":null}},"45":{"start":{"line":2875,"column":37},"end":{"line":2883,"column":null}},"46":{"start":{"line":2888,"column":47},"end":{"line":2893,"column":null}},"47":{"start":{"line":2898,"column":25},"end":{"line":2901,"column":null}},"48":{"start":{"line":2906,"column":34},"end":{"line":2907,"column":null}},"49":{"start":{"line":2913,"column":42},"end":{"line":2916,"column":null}},"50":{"start":{"line":2921,"column":25},"end":{"line":2924,"column":null}},"51":{"start":{"line":2929,"column":26},"end":{"line":2932,"column":null}},"52":{"start":{"line":2937,"column":35},"end":{"line":2941,"column":null}},"53":{"start":{"line":3147,"column":31},"end":{"line":3147,"column":null}}},"fnMap":{},"branchMap":{},"s":{"0":1,"1":1,"2":1,"3":1,"4":1,"5":1,"6":1,"7":1,"8":1,"9":1,"10":1,"11":1,"12":1,"13":1,"14":1,"15":1,"16":1,"17":1,"18":1,"19":1,"20":1,"21":1,"22":1,"23":1,"24":1,"25":1,"26":1,"27":1,"28":1,"29":1,"30":1,"31":1,"32":1,"33":1,"34":1,"35":1,"36":1,"37":1,"38":1,"39":1,"40":1,"41":1,"42":1,"43":1,"44":1,"45":1,"46":1,"47":1,"48":1,"49":1,"50":1,"51":1,"52":1,"53":1},"f":{},"b":{},"meta":{"lastBranch":0,"lastFunction":0,"lastStatement":54,"seen":{"s:32:45:32:Infinity":0,"s:35:47:35:Infinity":1,"s:38:42:38:Infinity":2,"s:41:47:41:Infinity":3,"s:44:43:44:Infinity":4,"s:50:19:50:Infinity":5,"s:51:21:51:Infinity":6,"s:52:20:52:Infinity":7,"s:53:19:53:Infinity":8,"s:54:19:54:Infinity":9,"s:62:23:62:Infinity":10,"s:71:35:71:Infinity":11,"s:86:44:89:Infinity":12,"s:104:25:108:Infinity":13,"s:114:22:114:Infinity":14,"s:121:24:121:Infinity":15,"s:128:23:128:Infinity":16,"s:386:25:415:Infinity":17,"s:2535:41:2540:11":18,"s:2545:36:2555:Infinity":19,"s:2560:44:2569:Infinity":20,"s:2574:41:2584:Infinity":21,"s:2589:45:2596:Infinity":22,"s:2601:37:2606:Infinity":23,"s:2611:37:2618:Infinity":24,"s:2623:35:2627:Infinity":25,"s:2632:36:2649:Infinity":26,"s:2654:43:2662:Infinity":27,"s:2667:49:2673:Infinity":28,"s:2678:40:2686:Infinity":29,"s:2691:38:2697:Infinity":30,"s:2702:42:2711:Infinity":31,"s:2716:45:2724:Infinity":32,"s:2729:41:2736:Infinity":33,"s:2741:41:2746:Infinity":34,"s:2751:43:2756:Infinity":35,"s:2761:41:2767:Infinity":36,"s:2772:43:2779:Infinity":37,"s:2784:41:2795:Infinity":38,"s:2800:37:2809:Infinity":39,"s:2814:42:2819:Infinity":40,"s:2824:44:2833:Infinity":41,"s:2838:49:2845:Infinity":42,"s:2850:52:2859:Infinity":43,"s:2864:48:2870:Infinity":44,"s:2875:37:2883:Infinity":45,"s:2888:47:2893:Infinity":46,"s:2898:25:2901:Infinity":47,"s:2906:34:2907:Infinity":48,"s:2913:42:2916:Infinity":49,"s:2921:25:2924:Infinity":50,"s:2929:26:2932:Infinity":51,"s:2937:35:2941:Infinity":52,"s:3147:31:3147:Infinity":53}}}
,"C:\\Users\\kanaka\\Documents\\Training\\BACKEND\\TechReel\\backend\\jobs\\producers\\gamification.producer.ts": {"path":"C:\\Users\\kanaka\\Documents\\Training\\BACKEND\\TechReel\\backend\\jobs\\producers\\gamification.producer.ts","statementMap":{"0":{"start":{"line":3,"column":28},"end":{"line":13,"column":null}},"1":{"start":{"line":4,"column":4},"end":{"line":13,"column":null}}},"fnMap":{"0":{"name":"(anonymous_0)","decl":{"start":{"line":3,"column":28},"end":{"line":3,"column":35}},"loc":{"start":{"line":3,"column":49},"end":{"line":13,"column":null}},"line":3}},"branchMap":{},"s":{"0":1,"1":1},"f":{"0":1},"b":{},"meta":{"lastBranch":0,"lastFunction":1,"lastStatement":2,"seen":{"s:3:28:13:Infinity":0,"f:3:28:3:35":0,"s:4:4:13:Infinity":1}}}
,"C:\\Users\\kanaka\\Documents\\Training\\BACKEND\\TechReel\\backend\\jobs\\producers\\interaction.producer.ts": {"path":"C:\\Users\\kanaka\\Documents\\Training\\BACKEND\\TechReel\\backend\\jobs\\producers\\interaction.producer.ts","statementMap":{"0":{"start":{"line":3,"column":27},"end":{"line":11,"column":null}},"1":{"start":{"line":4,"column":4},"end":{"line":11,"column":null}}},"fnMap":{"0":{"name":"(anonymous_0)","decl":{"start":{"line":3,"column":27},"end":{"line":3,"column":34}},"loc":{"start":{"line":3,"column":71},"end":{"line":11,"column":null}},"line":3}},"branchMap":{},"s":{"0":1,"1":1},"f":{"0":1},"b":{},"meta":{"lastBranch":0,"lastFunction":1,"lastStatement":2,"seen":{"s:3:27:11:Infinity":0,"f:3:27:3:34":0,"s:4:4:11:Infinity":1}}}
,"C:\\Users\\kanaka\\Documents\\Training\\BACKEND\\TechReel\\backend\\src\\config\\index.ts": {"path":"C:\\Users\\kanaka\\Documents\\Training\\BACKEND\\TechReel\\backend\\src\\config\\index.ts","statementMap":{"0":{"start":{"line":4,"column":0},"end":{"line":6,"column":null}},"1":{"start":{"line":31,"column":23},"end":{"line":52,"column":null}}},"fnMap":{},"branchMap":{"0":{"loc":{"start":{"line":5,"column":38},"end":{"line":5,"column":86}},"type":"binary-expr","locations":[{"start":{"line":5,"column":38},"end":{"line":5,"column":70}},{"start":{"line":5,"column":70},"end":{"line":5,"column":86}}],"line":5},"1":{"loc":{"start":{"line":33,"column":17},"end":{"line":33,"column":null}},"type":"binary-expr","locations":[{"start":{"line":33,"column":17},"end":{"line":33,"column":45}},{"start":{"line":33,"column":45},"end":{"line":33,"column":null}}],"line":33},"2":{"loc":{"start":{"line":34,"column":16},"end":{"line":34,"column":null}},"type":"binary-expr","locations":[{"start":{"line":34,"column":16},"end":{"line":34,"column":43}},{"start":{"line":34,"column":43},"end":{"line":34,"column":null}}],"line":34},"3":{"loc":{"start":{"line":35,"column":19},"end":{"line":35,"column":null}},"type":"binary-expr","locations":[{"start":{"line":35,"column":19},"end":{"line":35,"column":49}},{"start":{"line":35,"column":49},"end":{"line":35,"column":null}}],"line":35},"4":{"loc":{"start":{"line":36,"column":15},"end":{"line":36,"column":null}},"type":"binary-expr","locations":[{"start":{"line":36,"column":15},"end":{"line":36,"column":40}},{"start":{"line":36,"column":40},"end":{"line":36,"column":null}}],"line":36},"5":{"loc":{"start":{"line":37,"column":14},"end":{"line":37,"column":null}},"type":"binary-expr","locations":[{"start":{"line":37,"column":14},"end":{"line":37,"column":39}},{"start":{"line":37,"column":39},"end":{"line":37,"column":null}}],"line":37},"6":{"loc":{"start":{"line":38,"column":23},"end":{"line":38,"column":null}},"type":"binary-expr","locations":[{"start":{"line":38,"column":23},"end":{"line":38,"column":58}},{"start":{"line":38,"column":58},"end":{"line":38,"column":null}}],"line":38},"7":{"loc":{"start":{"line":39,"column":27},"end":{"line":39,"column":null}},"type":"binary-expr","locations":[{"start":{"line":39,"column":27},"end":{"line":39,"column":66}},{"start":{"line":39,"column":66},"end":{"line":39,"column":null}}],"line":39},"8":{"loc":{"start":{"line":40,"column":20},"end":{"line":40,"column":null}},"type":"binary-expr","locations":[{"start":{"line":40,"column":20},"end":{"line":40,"column":51}},{"start":{"line":40,"column":51},"end":{"line":40,"column":null}}],"line":40},"9":{"loc":{"start":{"line":41,"column":24},"end":{"line":41,"column":null}},"type":"binary-expr","locations":[{"start":{"line":41,"column":24},"end":{"line":41,"column":59}},{"start":{"line":41,"column":59},"end":{"line":41,"column":null}}],"line":41},"10":{"loc":{"start":{"line":42,"column":13},"end":{"line":42,"column":null}},"type":"binary-expr","locations":[{"start":{"line":42,"column":13},"end":{"line":42,"column":47}},{"start":{"line":42,"column":51},"end":{"line":42,"column":null}}],"line":42},"11":{"loc":{"start":{"line":43,"column":14},"end":{"line":43,"column":null}},"type":"binary-expr","locations":[{"start":{"line":43,"column":14},"end":{"line":43,"column":50}},{"start":{"line":43,"column":54},"end":{"line":43,"column":null}}],"line":43},"12":{"loc":{"start":{"line":44,"column":15},"end":{"line":44,"column":null}},"type":"binary-expr","locations":[{"start":{"line":44,"column":15},"end":{"line":44,"column":51}},{"start":{"line":44,"column":55},"end":{"line":44,"column":null}}],"line":44},"13":{"loc":{"start":{"line":45,"column":13},"end":{"line":45,"column":null}},"type":"binary-expr","locations":[{"start":{"line":45,"column":13},"end":{"line":45,"column":48}},{"start":{"line":45,"column":52},"end":{"line":45,"column":null}}],"line":45},"14":{"loc":{"start":{"line":46,"column":22},"end":{"line":46,"column":null}},"type":"binary-expr","locations":[{"start":{"line":46,"column":22},"end":{"line":46,"column":56}},{"start":{"line":46,"column":56},"end":{"line":46,"column":null}}],"line":46},"15":{"loc":{"start":{"line":47,"column":22},"end":{"line":47,"column":null}},"type":"binary-expr","locations":[{"start":{"line":47,"column":22},"end":{"line":47,"column":56}},{"start":{"line":47,"column":56},"end":{"line":47,"column":null}}],"line":47},"16":{"loc":{"start":{"line":48,"column":21},"end":{"line":48,"column":null}},"type":"binary-expr","locations":[{"start":{"line":48,"column":21},"end":{"line":48,"column":54}},{"start":{"line":48,"column":54},"end":{"line":48,"column":null}}],"line":48},"17":{"loc":{"start":{"line":49,"column":18},"end":{"line":49,"column":null}},"type":"binary-expr","locations":[{"start":{"line":49,"column":18},"end":{"line":49,"column":48}},{"start":{"line":49,"column":48},"end":{"line":49,"column":null}}],"line":49},"18":{"loc":{"start":{"line":50,"column":20},"end":{"line":50,"column":null}},"type":"binary-expr","locations":[{"start":{"line":50,"column":20},"end":{"line":50,"column":52}},{"start":{"line":50,"column":52},"end":{"line":50,"column":null}}],"line":50},"19":{"loc":{"start":{"line":51,"column":20},"end":{"line":51,"column":null}},"type":"binary-expr","locations":[{"start":{"line":51,"column":20},"end":{"line":51,"column":51}},{"start":{"line":51,"column":51},"end":{"line":51,"column":null}}],"line":51}},"s":{"0":7,"1":7},"f":{},"b":{"0":[7,0],"1":[7,7],"2":[7,7],"3":[7,7],"4":[7,7],"5":[7,7],"6":[7,7],"7":[7,7],"8":[7,7],"9":[7,7],"10":[7,7],"11":[7,7],"12":[7,7],"13":[7,7],"14":[7,7],"15":[7,7],"16":[7,7],"17":[7,7],"18":[7,7],"19":[7,7]},"meta":{"lastBranch":20,"lastFunction":0,"lastStatement":2,"seen":{"s:4:0:6:Infinity":0,"b:5:38:5:70:5:70:5:86":0,"s:31:23:52:Infinity":1,"b:33:17:33:45:33:45:33:Infinity":1,"b:34:16:34:43:34:43:34:Infinity":2,"b:35:19:35:49:35:49:35:Infinity":3,"b:36:15:36:40:36:40:36:Infinity":4,"b:37:14:37:39:37:39:37:Infinity":5,"b:38:23:38:58:38:58:38:Infinity":6,"b:39:27:39:66:39:66:39:Infinity":7,"b:40:20:40:51:40:51:40:Infinity":8,"b:41:24:41:59:41:59:41:Infinity":9,"b:42:13:42:47:42:51:42:Infinity":10,"b:43:14:43:50:43:54:43:Infinity":11,"b:44:15:44:51:44:55:44:Infinity":12,"b:45:13:45:48:45:52:45:Infinity":13,"b:46:22:46:56:46:56:46:Infinity":14,"b:47:22:47:56:47:56:47:Infinity":15,"b:48:21:48:54:48:54:48:Infinity":16,"b:49:18:49:48:49:48:49:Infinity":17,"b:50:20:50:52:50:52:50:Infinity":18,"b:51:20:51:51:51:51:51:Infinity":19}}}
,"C:\\Users\\kanaka\\Documents\\Training\\BACKEND\\TechReel\\backend\\src\\constants\\error.messages.ts": {"path":"C:\\Users\\kanaka\\Documents\\Training\\BACKEND\\TechReel\\backend\\src\\constants\\error.messages.ts","statementMap":{"0":{"start":{"line":1,"column":21},"end":{"line":42,"column":null}}},"fnMap":{},"branchMap":{},"s":{"0":8},"f":{},"b":{},"meta":{"lastBranch":0,"lastFunction":0,"lastStatement":1,"seen":{"s:1:21:42:Infinity":0}}}
,"C:\\Users\\kanaka\\Documents\\Training\\BACKEND\\TechReel\\backend\\src\\constants\\service.messages.ts": {"path":"C:\\Users\\kanaka\\Documents\\Training\\BACKEND\\TechReel\\backend\\src\\constants\\service.messages.ts","statementMap":{"0":{"start":{"line":9,"column":25},"end":{"line":9,"column":39}},"1":{"start":{"line":10,"column":8},"end":{"line":10,"column":null}},"2":{"start":{"line":12,"column":8},"end":{"line":14,"column":null}},"3":{"start":{"line":16,"column":8},"end":{"line":19,"column":null}},"4":{"start":{"line":21,"column":8},"end":{"line":24,"column":null}},"5":{"start":{"line":26,"column":8},"end":{"line":28,"column":null}},"6":{"start":{"line":30,"column":8},"end":{"line":33,"column":null}}},"fnMap":{"0":{"name":"(anonymous_0)","decl":{"start":{"line":9,"column":4},"end":{"line":9,"column":17}},"loc":{"start":{"line":9,"column":39},"end":{"line":33,"column":null}},"line":9}},"branchMap":{},"s":{"0":3,"1":3,"2":3,"3":3,"4":3,"5":3,"6":3},"f":{"0":3},"b":{},"meta":{"lastBranch":0,"lastFunction":1,"lastStatement":7,"seen":{"f:9:4:9:17":0,"s:9:25:9:39":0,"s:10:8:10:Infinity":1,"s:12:8:14:Infinity":2,"s:16:8:19:Infinity":3,"s:21:8:24:Infinity":4,"s:26:8:28:Infinity":5,"s:30:8:33:Infinity":6}}}
,"C:\\Users\\kanaka\\Documents\\Training\\BACKEND\\TechReel\\backend\\src\\controller\\auth.controller.ts": {"path":"C:\\Users\\kanaka\\Documents\\Training\\BACKEND\\TechReel\\backend\\src\\controller\\auth.controller.ts","statementMap":{"0":{"start":{"line":19,"column":12},"end":{"line":34,"column":null}},"1":{"start":{"line":44,"column":13},"end":{"line":64,"column":null}},"2":{"start":{"line":72,"column":13},"end":{"line":92,"column":null}},"3":{"start":{"line":101,"column":17},"end":{"line":110,"column":null}},"4":{"start":{"line":119,"column":17},"end":{"line":126,"column":null}},"5":{"start":{"line":10,"column":24},"end":{"line":10,"column":50}},"6":{"start":{"line":21,"column":8},"end":{"line":21,"column":null}},"7":{"start":{"line":23,"column":8},"end":{"line":26,"column":null}},"8":{"start":{"line":24,"column":12},"end":{"line":24,"column":null}},"9":{"start":{"line":26,"column":12},"end":{"line":26,"column":null}},"10":{"start":{"line":29,"column":46},"end":{"line":29,"column":112}},"11":{"start":{"line":31,"column":8},"end":{"line":31,"column":null}},"12":{"start":{"line":32,"column":8},"end":{"line":32,"column":null}},"13":{"start":{"line":34,"column":8},"end":{"line":34,"column":null}},"14":{"start":{"line":46,"column":8},"end":{"line":48,"column":null}},"15":{"start":{"line":50,"column":21},"end":{"line":50,"column":null}},"16":{"start":{"line":52,"column":8},"end":{"line":56,"column":null}},"17":{"start":{"line":53,"column":12},"end":{"line":55,"column":null}},"18":{"start":{"line":56,"column":12},"end":{"line":56,"column":null}},"19":{"start":{"line":59,"column":46},"end":{"line":59,"column":97}},"20":{"start":{"line":61,"column":8},"end":{"line":61,"column":null}},"21":{"start":{"line":62,"column":8},"end":{"line":62,"column":null}},"22":{"start":{"line":64,"column":8},"end":{"line":64,"column":null}},"23":{"start":{"line":74,"column":8},"end":{"line":76,"column":null}},"24":{"start":{"line":78,"column":8},"end":{"line":84,"column":null}},"25":{"start":{"line":80,"column":12},"end":{"line":82,"column":null}},"26":{"start":{"line":84,"column":12},"end":{"line":84,"column":null}},"27":{"start":{"line":87,"column":8},"end":{"line":87,"column":null}},"28":{"start":{"line":89,"column":8},"end":{"line":89,"column":null}},"29":{"start":{"line":90,"column":8},"end":{"line":90,"column":null}},"30":{"start":{"line":92,"column":8},"end":{"line":92,"column":null}},"31":{"start":{"line":103,"column":8},"end":{"line":106,"column":null}},"32":{"start":{"line":108,"column":22},"end":{"line":108,"column":91}},"33":{"start":{"line":110,"column":8},"end":{"line":110,"column":null}},"34":{"start":{"line":120,"column":8},"end":{"line":122,"column":null}},"35":{"start":{"line":124,"column":8},"end":{"line":124,"column":null}},"36":{"start":{"line":126,"column":8},"end":{"line":126,"column":null}}},"fnMap":{"0":{"name":"(anonymous_0)","decl":{"start":{"line":10,"column":4},"end":{"line":10,"column":16}},"loc":{"start":{"line":10,"column":50},"end":{"line":10,"column":50}},"line":10},"1":{"name":"(anonymous_1)","decl":{"start":{"line":19,"column":12},"end":{"line":19,"column":19}},"loc":{"start":{"line":19,"column":51},"end":{"line":34,"column":null}},"line":19},"2":{"name":"(anonymous_2)","decl":{"start":{"line":44,"column":13},"end":{"line":44,"column":20}},"loc":{"start":{"line":44,"column":52},"end":{"line":64,"column":null}},"line":44},"3":{"name":"(anonymous_3)","decl":{"start":{"line":72,"column":13},"end":{"line":72,"column":20}},"loc":{"start":{"line":72,"column":52},"end":{"line":92,"column":null}},"line":72},"4":{"name":"(anonymous_4)","decl":{"start":{"line":101,"column":17},"end":{"line":101,"column":24}},"loc":{"start":{"line":101,"column":56},"end":{"line":110,"column":null}},"line":101},"5":{"name":"(anonymous_5)","decl":{"start":{"line":119,"column":17},"end":{"line":119,"column":24}},"loc":{"start":{"line":119,"column":56},"end":{"line":126,"column":null}},"line":119}},"branchMap":{"0":{"loc":{"start":{"line":23,"column":8},"end":{"line":26,"column":null}},"type":"if","locations":[{"start":{"line":23,"column":8},"end":{"line":26,"column":null}},{"start":{},"end":{}}],"line":23},"1":{"loc":{"start":{"line":52,"column":8},"end":{"line":56,"column":null}},"type":"if","locations":[{"start":{"line":52,"column":8},"end":{"line":56,"column":null}},{"start":{},"end":{}}],"line":52},"2":{"loc":{"start":{"line":78,"column":8},"end":{"line":84,"column":null}},"type":"if","locations":[{"start":{"line":78,"column":8},"end":{"line":84,"column":null}},{"start":{},"end":{}}],"line":78},"3":{"loc":{"start":{"line":87,"column":38},"end":{"line":87,"column":92}},"type":"cond-expr","locations":[{"start":{"line":87,"column":78},"end":{"line":87,"column":85}},{"start":{"line":87,"column":85},"end":{"line":87,"column":92}}],"line":87},"4":{"loc":{"start":{"line":108,"column":56},"end":{"line":108,"column":91}},"type":"binary-expr","locations":[{"start":{"line":108,"column":56},"end":{"line":108,"column":84}},{"start":{"line":108,"column":88},"end":{"line":108,"column":91}}],"line":108},"5":{"loc":{"start":{"line":124,"column":42},"end":{"line":124,"column":78}},"type":"binary-expr","locations":[{"start":{"line":124,"column":42},"end":{"line":124,"column":70}},{"start":{"line":124,"column":74},"end":{"line":124,"column":78}}],"line":124}},"s":{"0":0,"1":0,"2":0,"3":0,"4":0,"5":0,"6":0,"7":0,"8":0,"9":0,"10":0,"11":0,"12":0,"13":0,"14":0,"15":0,"16":0,"17":0,"18":0,"19":0,"20":0,"21":0,"22":0,"23":0,"24":0,"25":0,"26":0,"27":0,"28":0,"29":0,"30":0,"31":0,"32":0,"33":0,"34":0,"35":0,"36":0},"f":{"0":0,"1":0,"2":0,"3":0,"4":0,"5":0},"b":{"0":[0,0],"1":[0,0],"2":[0,0],"3":[0,0],"4":[0,0],"5":[0,0]},"meta":{"lastBranch":6,"lastFunction":6,"lastStatement":37,"seen":{"s:19:12:34:Infinity":0,"s:44:13:64:Infinity":1,"s:72:13:92:Infinity":2,"s:101:17:110:Infinity":3,"s:119:17:126:Infinity":4,"f:10:4:10:16":0,"s:10:24:10:50":5,"f:19:12:19:19":1,"s:21:8:21:Infinity":6,"b:23:8:26:Infinity:undefined:undefined:undefined:undefined":0,"s:23:8:26:Infinity":7,"s:24:12:24:Infinity":8,"s:26:12:26:Infinity":9,"s:29:46:29:112":10,"s:31:8:31:Infinity":11,"s:32:8:32:Infinity":12,"s:34:8:34:Infinity":13,"f:44:13:44:20":2,"s:46:8:48:Infinity":14,"s:50:21:50:Infinity":15,"b:52:8:56:Infinity:undefined:undefined:undefined:undefined":1,"s:52:8:56:Infinity":16,"s:53:12:55:Infinity":17,"s:56:12:56:Infinity":18,"s:59:46:59:97":19,"s:61:8:61:Infinity":20,"s:62:8:62:Infinity":21,"s:64:8:64:Infinity":22,"f:72:13:72:20":3,"s:74:8:76:Infinity":23,"b:78:8:84:Infinity:undefined:undefined:undefined:undefined":2,"s:78:8:84:Infinity":24,"s:80:12:82:Infinity":25,"s:84:12:84:Infinity":26,"s:87:8:87:Infinity":27,"b:87:78:87:85:87:85:87:92":3,"s:89:8:89:Infinity":28,"s:90:8:90:Infinity":29,"s:92:8:92:Infinity":30,"f:101:17:101:24":4,"s:103:8:106:Infinity":31,"s:108:22:108:91":32,"b:108:56:108:84:108:88:108:91":4,"s:110:8:110:Infinity":33,"f:119:17:119:24":5,"s:120:8:122:Infinity":34,"s:124:8:124:Infinity":35,"b:124:42:124:70:124:74:124:78":5,"s:126:8:126:Infinity":36}}}
,"C:\\Users\\kanaka\\Documents\\Training\\BACKEND\\TechReel\\backend\\src\\dto\\pagination.dto.ts": {"path":"C:\\Users\\kanaka\\Documents\\Training\\BACKEND\\TechReel\\backend\\src\\dto\\pagination.dto.ts","statementMap":{"0":{"start":{"line":9,"column":28},"end":{"line":12,"column":null}}},"fnMap":{},"branchMap":{},"s":{"0":1},"f":{},"b":{},"meta":{"lastBranch":0,"lastFunction":0,"lastStatement":1,"seen":{"s:9:28:12:Infinity":0}}}
,"C:\\Users\\kanaka\\Documents\\Training\\BACKEND\\TechReel\\backend\\src\\dto\\redis.dto.ts": {"path":"C:\\Users\\kanaka\\Documents\\Training\\BACKEND\\TechReel\\backend\\src\\dto\\redis.dto.ts","statementMap":{"0":{"start":{"line":1,"column":15},"end":{"line":5,"column":null}},"1":{"start":{"line":7,"column":17},"end":{"line":19,"column":null}}},"fnMap":{},"branchMap":{},"s":{"0":1,"1":1},"f":{},"b":{},"meta":{"lastBranch":0,"lastFunction":0,"lastStatement":2,"seen":{"s:1:15:5:Infinity":0,"s:7:17:19:Infinity":1}}}
,"C:\\Users\\kanaka\\Documents\\Training\\BACKEND\\TechReel\\backend\\src\\dto\\user.dto.ts": {"path":"C:\\Users\\kanaka\\Documents\\Training\\BACKEND\\TechReel\\backend\\src\\dto\\user.dto.ts","statementMap":{"0":{"start":{"line":38,"column":8},"end":{"line":38,"column":null}},"1":{"start":{"line":39,"column":8},"end":{"line":39,"column":null}},"2":{"start":{"line":40,"column":8},"end":{"line":40,"column":null}},"3":{"start":{"line":41,"column":8},"end":{"line":41,"column":null}},"4":{"start":{"line":42,"column":8},"end":{"line":42,"column":null}},"5":{"start":{"line":43,"column":8},"end":{"line":43,"column":null}}},"fnMap":{"0":{"name":"(anonymous_0)","decl":{"start":{"line":37,"column":4},"end":{"line":37,"column":16}},"loc":{"start":{"line":37,"column":28},"end":{"line":43,"column":null}},"line":37}},"branchMap":{},"s":{"0":6,"1":6,"2":6,"3":6,"4":6,"5":6},"f":{"0":6},"b":{},"meta":{"lastBranch":0,"lastFunction":1,"lastStatement":6,"seen":{"f:37:4:37:16":0,"s:38:8:38:Infinity":0,"s:39:8:39:Infinity":1,"s:40:8:40:Infinity":2,"s:41:8:41:Infinity":3,"s:42:8:42:Infinity":4,"s:43:8:43:Infinity":5}}}
,"C:\\Users\\kanaka\\Documents\\Training\\BACKEND\\TechReel\\backend\\src\\factory\\auth.factory.ts": {"path":"C:\\Users\\kanaka\\Documents\\Training\\BACKEND\\TechReel\\backend\\src\\factory\\auth.factory.ts","statementMap":{"0":{"start":{"line":10,"column":26},"end":{"line":10,"column":46}},"1":{"start":{"line":11,"column":8},"end":{"line":11,"column":null}},"2":{"start":{"line":15,"column":21},"end":{"line":15,"column":41}},"3":{"start":{"line":16,"column":25},"end":{"line":16,"column":45}},"4":{"start":{"line":17,"column":24},"end":{"line":17,"column":55}},"5":{"start":{"line":18,"column":27},"end":{"line":18,"column":54}},"6":{"start":{"line":20,"column":8},"end":{"line":20,"column":null}},"7":{"start":{"line":24,"column":27},"end":{"line":24,"column":56}},"8":{"start":{"line":25,"column":21},"end":{"line":25,"column":44}},"9":{"start":{"line":26,"column":18},"end":{"line":26,"column":43}}},"fnMap":{"0":{"name":"(anonymous_0)","decl":{"start":{"line":9,"column":11},"end":{"line":9,"column":25}},"loc":{"start":{"line":9,"column":25},"end":{"line":11,"column":null}},"line":9},"1":{"name":"(anonymous_1)","decl":{"start":{"line":14,"column":11},"end":{"line":14,"column":20}},"loc":{"start":{"line":14,"column":20},"end":{"line":20,"column":null}},"line":14}},"branchMap":{},"s":{"0":1,"1":1,"2":0,"3":0,"4":0,"5":0,"6":0,"7":1,"8":1,"9":1},"f":{"0":1,"1":1},"b":{},"meta":{"lastBranch":0,"lastFunction":2,"lastStatement":10,"seen":{"f:9:11:9:25":0,"s:10:26:10:46":0,"s:11:8:11:Infinity":1,"f:14:11:14:20":1,"s:15:21:15:41":2,"s:16:25:16:45":3,"s:17:24:17:55":4,"s:18:27:18:54":5,"s:20:8:20:Infinity":6,"s:24:27:24:56":7,"s:25:21:25:44":8,"s:26:18:26:43":9}}}
,"C:\\Users\\kanaka\\Documents\\Training\\BACKEND\\TechReel\\backend\\src\\repository\\auth.repository.ts": {"path":"C:\\Users\\kanaka\\Documents\\Training\\BACKEND\\TechReel\\backend\\src\\repository\\auth.repository.ts","statementMap":{"0":{"start":{"line":17,"column":13},"end":{"line":28,"column":null}},"1":{"start":{"line":37,"column":23},"end":{"line":108,"column":null}},"2":{"start":{"line":119,"column":19},"end":{"line":146,"column":null}},"3":{"start":{"line":155,"column":21},"end":{"line":194,"column":null}},"4":{"start":{"line":18,"column":21},"end":{"line":24,"column":10}},"5":{"start":{"line":26,"column":8},"end":{"line":26,"column":null}},"6":{"start":{"line":28,"column":8},"end":{"line":28,"column":null}},"7":{"start":{"line":38,"column":8},"end":{"line":108,"column":null}},"8":{"start":{"line":40,"column":25},"end":{"line":49,"column":null}},"9":{"start":{"line":53,"column":30},"end":{"line":53,"column":null}},"10":{"start":{"line":56,"column":12},"end":{"line":58,"column":null}},"11":{"start":{"line":57,"column":16},"end":{"line":57,"column":null}},"12":{"start":{"line":58,"column":16},"end":{"line":58,"column":null}},"13":{"start":{"line":62,"column":31},"end":{"line":62,"column":null}},"14":{"start":{"line":63,"column":30},"end":{"line":63,"column":null}},"15":{"start":{"line":65,"column":12},"end":{"line":80,"column":null}},"16":{"start":{"line":67,"column":16},"end":{"line":71,"column":null}},"17":{"start":{"line":73,"column":29},"end":{"line":75,"column":18}},"18":{"start":{"line":77,"column":16},"end":{"line":79,"column":null}},"19":{"start":{"line":80,"column":16},"end":{"line":80,"column":null}},"20":{"start":{"line":84,"column":12},"end":{"line":87,"column":null}},"21":{"start":{"line":89,"column":12},"end":{"line":91,"column":null}},"22":{"start":{"line":92,"column":12},"end":{"line":92,"column":null}},"23":{"start":{"line":94,"column":29},"end":{"line":100,"column":14}},"24":{"start":{"line":102,"column":12},"end":{"line":105,"column":null}},"25":{"start":{"line":107,"column":12},"end":{"line":107,"column":null}},"26":{"start":{"line":120,"column":8},"end":{"line":146,"column":null}},"27":{"start":{"line":121,"column":31},"end":{"line":123,"column":null}},"28":{"start":{"line":126,"column":12},"end":{"line":130,"column":null}},"29":{"start":{"line":127,"column":16},"end":{"line":129,"column":null}},"30":{"start":{"line":130,"column":16},"end":{"line":130,"column":null}},"31":{"start":{"line":132,"column":12},"end":{"line":136,"column":null}},"32":{"start":{"line":137,"column":12},"end":{"line":143,"column":null}},"33":{"start":{"line":138,"column":16},"end":{"line":142,"column":null}},"34":{"start":{"line":143,"column":16},"end":{"line":143,"column":null}},"35":{"start":{"line":145,"column":12},"end":{"line":145,"column":null}},"36":{"start":{"line":156,"column":8},"end":{"line":194,"column":null}},"37":{"start":{"line":157,"column":31},"end":{"line":159,"column":null}},"38":{"start":{"line":162,"column":12},"end":{"line":166,"column":null}},"39":{"start":{"line":163,"column":16},"end":{"line":165,"column":null}},"40":{"start":{"line":166,"column":16},"end":{"line":166,"column":null}},"41":{"start":{"line":168,"column":12},"end":{"line":184,"column":null}},"42":{"start":{"line":170,"column":16},"end":{"line":174,"column":null}},"43":{"start":{"line":175,"column":16},"end":{"line":179,"column":null}},"44":{"start":{"line":181,"column":16},"end":{"line":183,"column":null}},"45":{"start":{"line":184,"column":16},"end":{"line":184,"column":null}},"46":{"start":{"line":187,"column":12},"end":{"line":191,"column":null}},"47":{"start":{"line":193,"column":12},"end":{"line":193,"column":null}}},"fnMap":{"0":{"name":"(anonymous_0)","decl":{"start":{"line":17,"column":13},"end":{"line":17,"column":20}},"loc":{"start":{"line":17,"column":92},"end":{"line":28,"column":null}},"line":17},"1":{"name":"(anonymous_1)","decl":{"start":{"line":37,"column":23},"end":{"line":37,"column":30}},"loc":{"start":{"line":37,"column":71},"end":{"line":108,"column":null}},"line":37},"2":{"name":"(anonymous_2)","decl":{"start":{"line":38,"column":41},"end":{"line":38,"column":48}},"loc":{"start":{"line":38,"column":55},"end":{"line":108,"column":null}},"line":38},"3":{"name":"(anonymous_3)","decl":{"start":{"line":119,"column":19},"end":{"line":119,"column":26}},"loc":{"start":{"line":119,"column":74},"end":{"line":146,"column":null}},"line":119},"4":{"name":"(anonymous_4)","decl":{"start":{"line":120,"column":41},"end":{"line":120,"column":48}},"loc":{"start":{"line":120,"column":55},"end":{"line":146,"column":null}},"line":120},"5":{"name":"(anonymous_5)","decl":{"start":{"line":155,"column":21},"end":{"line":155,"column":28}},"loc":{"start":{"line":155,"column":76},"end":{"line":194,"column":null}},"line":155},"6":{"name":"(anonymous_6)","decl":{"start":{"line":156,"column":41},"end":{"line":156,"column":48}},"loc":{"start":{"line":156,"column":55},"end":{"line":194,"column":null}},"line":156}},"branchMap":{"0":{"loc":{"start":{"line":56,"column":12},"end":{"line":58,"column":null}},"type":"if","locations":[{"start":{"line":56,"column":12},"end":{"line":58,"column":null}},{"start":{},"end":{}}],"line":56},"1":{"loc":{"start":{"line":65,"column":12},"end":{"line":80,"column":null}},"type":"if","locations":[{"start":{"line":65,"column":12},"end":{"line":80,"column":null}},{"start":{},"end":{}}],"line":65},"2":{"loc":{"start":{"line":65,"column":16},"end":{"line":65,"column":47}},"type":"binary-expr","locations":[{"start":{"line":65,"column":16},"end":{"line":65,"column":36}},{"start":{"line":65,"column":36},"end":{"line":65,"column":47}}],"line":65},"3":{"loc":{"start":{"line":67,"column":61},"end":{"line":67,"column":119}},"type":"cond-expr","locations":[{"start":{"line":67,"column":81},"end":{"line":67,"column":100}},{"start":{"line":67,"column":100},"end":{"line":67,"column":119}}],"line":67},"4":{"loc":{"start":{"line":70,"column":28},"end":{"line":70,"column":null}},"type":"cond-expr","locations":[{"start":{"line":70,"column":47},"end":{"line":70,"column":66}},{"start":{"line":70,"column":66},"end":{"line":70,"column":null}}],"line":70},"5":{"loc":{"start":{"line":126,"column":12},"end":{"line":130,"column":null}},"type":"if","locations":[{"start":{"line":126,"column":12},"end":{"line":130,"column":null}},{"start":{},"end":{}}],"line":126},"6":{"loc":{"start":{"line":137,"column":12},"end":{"line":143,"column":null}},"type":"if","locations":[{"start":{"line":137,"column":12},"end":{"line":143,"column":null}},{"start":{},"end":{}}],"line":137},"7":{"loc":{"start":{"line":138,"column":61},"end":{"line":138,"column":123}},"type":"cond-expr","locations":[{"start":{"line":138,"column":85},"end":{"line":138,"column":104}},{"start":{"line":138,"column":104},"end":{"line":138,"column":123}}],"line":138},"8":{"loc":{"start":{"line":141,"column":28},"end":{"line":141,"column":null}},"type":"cond-expr","locations":[{"start":{"line":141,"column":51},"end":{"line":141,"column":70}},{"start":{"line":141,"column":70},"end":{"line":141,"column":null}}],"line":141},"9":{"loc":{"start":{"line":162,"column":12},"end":{"line":166,"column":null}},"type":"if","locations":[{"start":{"line":162,"column":12},"end":{"line":166,"column":null}},{"start":{},"end":{}}],"line":162},"10":{"loc":{"start":{"line":168,"column":12},"end":{"line":184,"column":null}},"type":"if","locations":[{"start":{"line":168,"column":12},"end":{"line":184,"column":null}},{"start":{},"end":{}}],"line":168},"11":{"loc":{"start":{"line":170,"column":61},"end":{"line":170,"column":122}},"type":"cond-expr","locations":[{"start":{"line":170,"column":84},"end":{"line":170,"column":103}},{"start":{"line":170,"column":103},"end":{"line":170,"column":122}}],"line":170},"12":{"loc":{"start":{"line":173,"column":28},"end":{"line":173,"column":null}},"type":"cond-expr","locations":[{"start":{"line":173,"column":51},"end":{"line":173,"column":70}},{"start":{"line":173,"column":70},"end":{"line":173,"column":null}}],"line":173}},"s":{"0":0,"1":0,"2":0,"3":0,"4":0,"5":0,"6":0,"7":0,"8":0,"9":0,"10":0,"11":0,"12":0,"13":0,"14":0,"15":0,"16":0,"17":0,"18":0,"19":0,"20":0,"21":0,"22":0,"23":0,"24":0,"25":0,"26":0,"27":0,"28":0,"29":0,"30":0,"31":0,"32":0,"33":0,"34":0,"35":0,"36":0,"37":0,"38":0,"39":0,"40":0,"41":0,"42":0,"43":0,"44":0,"45":0,"46":0,"47":0},"f":{"0":0,"1":0,"2":0,"3":0,"4":0,"5":0,"6":0},"b":{"0":[0,0],"1":[0,0],"2":[0,0],"3":[0,0],"4":[0,0],"5":[0,0],"6":[0,0],"7":[0,0],"8":[0,0],"9":[0,0],"10":[0,0],"11":[0,0],"12":[0,0]},"meta":{"lastBranch":13,"lastFunction":7,"lastStatement":48,"seen":{"s:17:13:28:Infinity":0,"s:37:23:108:Infinity":1,"s:119:19:146:Infinity":2,"s:155:21:194:Infinity":3,"f:17:13:17:20":0,"s:18:21:24:10":4,"s:26:8:26:Infinity":5,"s:28:8:28:Infinity":6,"f:37:23:37:30":1,"s:38:8:108:Infinity":7,"f:38:41:38:48":2,"s:40:25:49:Infinity":8,"s:53:30:53:Infinity":9,"b:56:12:58:Infinity:undefined:undefined:undefined:undefined":0,"s:56:12:58:Infinity":10,"s:57:16:57:Infinity":11,"s:58:16:58:Infinity":12,"s:62:31:62:Infinity":13,"s:63:30:63:Infinity":14,"b:65:12:80:Infinity:undefined:undefined:undefined:undefined":1,"s:65:12:80:Infinity":15,"b:65:16:65:36:65:36:65:47":2,"s:67:16:71:Infinity":16,"b:67:81:67:100:67:100:67:119":3,"b:70:47:70:66:70:66:70:Infinity":4,"s:73:29:75:18":17,"s:77:16:79:Infinity":18,"s:80:16:80:Infinity":19,"s:84:12:87:Infinity":20,"s:89:12:91:Infinity":21,"s:92:12:92:Infinity":22,"s:94:29:100:14":23,"s:102:12:105:Infinity":24,"s:107:12:107:Infinity":25,"f:119:19:119:26":3,"s:120:8:146:Infinity":26,"f:120:41:120:48":4,"s:121:31:123:Infinity":27,"b:126:12:130:Infinity:undefined:undefined:undefined:undefined":5,"s:126:12:130:Infinity":28,"s:127:16:129:Infinity":29,"s:130:16:130:Infinity":30,"s:132:12:136:Infinity":31,"b:137:12:143:Infinity:undefined:undefined:undefined:undefined":6,"s:137:12:143:Infinity":32,"s:138:16:142:Infinity":33,"b:138:85:138:104:138:104:138:123":7,"b:141:51:141:70:141:70:141:Infinity":8,"s:143:16:143:Infinity":34,"s:145:12:145:Infinity":35,"f:155:21:155:28":5,"s:156:8:194:Infinity":36,"f:156:41:156:48":6,"s:157:31:159:Infinity":37,"b:162:12:166:Infinity:undefined:undefined:undefined:undefined":9,"s:162:12:166:Infinity":38,"s:163:16:165:Infinity":39,"s:166:16:166:Infinity":40,"b:168:12:184:Infinity:undefined:undefined:undefined:undefined":10,"s:168:12:184:Infinity":41,"s:170:16:174:Infinity":42,"b:170:84:170:103:170:103:170:122":11,"b:173:51:173:70:173:70:173:Infinity":12,"s:175:16:179:Infinity":43,"s:181:16:183:Infinity":44,"s:184:16:184:Infinity":45,"s:187:12:191:Infinity":46,"s:193:12:193:Infinity":47}}}
,"C:\\Users\\kanaka\\Documents\\Training\\BACKEND\\TechReel\\backend\\src\\repository\\user.repository.ts": {"path":"C:\\Users\\kanaka\\Documents\\Training\\BACKEND\\TechReel\\backend\\src\\repository\\user.repository.ts","statementMap":{"0":{"start":{"line":19,"column":13},"end":{"line":42,"column":null}},"1":{"start":{"line":51,"column":22},"end":{"line":59,"column":null}},"2":{"start":{"line":62,"column":19},"end":{"line":70,"column":null}},"3":{"start":{"line":79,"column":12},"end":{"line":90,"column":null}},"4":{"start":{"line":100,"column":15},"end":{"line":118,"column":null}},"5":{"start":{"line":127,"column":15},"end":{"line":151,"column":null}},"6":{"start":{"line":154,"column":13},"end":{"line":163,"column":null}},"7":{"start":{"line":173,"column":17},"end":{"line":184,"column":null}},"8":{"start":{"line":194,"column":17},"end":{"line":215,"column":null}},"9":{"start":{"line":20,"column":8},"end":{"line":42,"column":null}},"10":{"start":{"line":21,"column":25},"end":{"line":30,"column":14}},"11":{"start":{"line":32,"column":12},"end":{"line":38,"column":null}},"12":{"start":{"line":33,"column":16},"end":{"line":38,"column":null}},"13":{"start":{"line":41,"column":12},"end":{"line":41,"column":null}},"14":{"start":{"line":52,"column":21},"end":{"line":57,"column":10}},"15":{"start":{"line":59,"column":8},"end":{"line":59,"column":null}},"16":{"start":{"line":63,"column":21},"end":{"line":68,"column":10}},"17":{"start":{"line":70,"column":8},"end":{"line":70,"column":null}},"18":{"start":{"line":80,"column":21},"end":{"line":88,"column":10}},"19":{"start":{"line":90,"column":8},"end":{"line":90,"column":null}},"20":{"start":{"line":102,"column":25},"end":{"line":105,"column":null}},"21":{"start":{"line":107,"column":8},"end":{"line":107,"column":null}},"22":{"start":{"line":109,"column":22},"end":{"line":116,"column":10}},"23":{"start":{"line":118,"column":8},"end":{"line":118,"column":null}},"24":{"start":{"line":128,"column":8},"end":{"line":151,"column":null}},"25":{"start":{"line":129,"column":25},"end":{"line":131,"column":null}},"26":{"start":{"line":135,"column":12},"end":{"line":139,"column":null}},"27":{"start":{"line":136,"column":16},"end":{"line":138,"column":null}},"28":{"start":{"line":139,"column":16},"end":{"line":139,"column":null}},"29":{"start":{"line":141,"column":12},"end":{"line":148,"column":null}},"30":{"start":{"line":150,"column":12},"end":{"line":150,"column":null}},"31":{"start":{"line":155,"column":21},"end":{"line":161,"column":10}},"32":{"start":{"line":163,"column":8},"end":{"line":163,"column":null}},"33":{"start":{"line":174,"column":21},"end":{"line":182,"column":10}},"34":{"start":{"line":184,"column":8},"end":{"line":184,"column":null}},"35":{"start":{"line":195,"column":8},"end":{"line":215,"column":null}},"36":{"start":{"line":196,"column":25},"end":{"line":200,"column":14}},"37":{"start":{"line":204,"column":12},"end":{"line":211,"column":null}},"38":{"start":{"line":205,"column":16},"end":{"line":209,"column":null}},"39":{"start":{"line":211,"column":16},"end":{"line":211,"column":null}},"40":{"start":{"line":214,"column":12},"end":{"line":214,"column":null}}},"fnMap":{"0":{"name":"(anonymous_0)","decl":{"start":{"line":19,"column":13},"end":{"line":19,"column":20}},"loc":{"start":{"line":19,"column":54},"end":{"line":42,"column":null}},"line":19},"1":{"name":"(anonymous_1)","decl":{"start":{"line":20,"column":41},"end":{"line":20,"column":48}},"loc":{"start":{"line":20,"column":55},"end":{"line":42,"column":null}},"line":20},"2":{"name":"(anonymous_2)","decl":{"start":{"line":51,"column":22},"end":{"line":51,"column":29}},"loc":{"start":{"line":51,"column":65},"end":{"line":59,"column":null}},"line":51},"3":{"name":"(anonymous_3)","decl":{"start":{"line":62,"column":19},"end":{"line":62,"column":26}},"loc":{"start":{"line":62,"column":59},"end":{"line":70,"column":null}},"line":62},"4":{"name":"(anonymous_4)","decl":{"start":{"line":79,"column":12},"end":{"line":79,"column":19}},"loc":{"start":{"line":79,"column":49},"end":{"line":90,"column":null}},"line":79},"5":{"name":"(anonymous_5)","decl":{"start":{"line":100,"column":15},"end":{"line":100,"column":22}},"loc":{"start":{"line":100,"column":101},"end":{"line":118,"column":null}},"line":100},"6":{"name":"(anonymous_6)","decl":{"start":{"line":127,"column":15},"end":{"line":127,"column":22}},"loc":{"start":{"line":127,"column":37},"end":{"line":151,"column":null}},"line":127},"7":{"name":"(anonymous_7)","decl":{"start":{"line":128,"column":41},"end":{"line":128,"column":48}},"loc":{"start":{"line":128,"column":55},"end":{"line":151,"column":null}},"line":128},"8":{"name":"(anonymous_8)","decl":{"start":{"line":154,"column":13},"end":{"line":154,"column":20}},"loc":{"start":{"line":154,"column":72},"end":{"line":163,"column":null}},"line":154},"9":{"name":"(anonymous_9)","decl":{"start":{"line":173,"column":17},"end":{"line":173,"column":24}},"loc":{"start":{"line":173,"column":54},"end":{"line":184,"column":null}},"line":173},"10":{"name":"(anonymous_10)","decl":{"start":{"line":194,"column":17},"end":{"line":194,"column":24}},"loc":{"start":{"line":194,"column":53},"end":{"line":215,"column":null}},"line":194},"11":{"name":"(anonymous_11)","decl":{"start":{"line":195,"column":41},"end":{"line":195,"column":48}},"loc":{"start":{"line":195,"column":55},"end":{"line":215,"column":null}},"line":195}},"branchMap":{"0":{"loc":{"start":{"line":32,"column":12},"end":{"line":38,"column":null}},"type":"if","locations":[{"start":{"line":32,"column":12},"end":{"line":38,"column":null}},{"start":{},"end":{}}],"line":32},"1":{"loc":{"start":{"line":59,"column":15},"end":{"line":59,"column":34}},"type":"binary-expr","locations":[{"start":{"line":59,"column":15},"end":{"line":59,"column":32}},{"start":{"line":59,"column":32},"end":{"line":59,"column":34}}],"line":59},"2":{"loc":{"start":{"line":70,"column":15},"end":{"line":70,"column":31}},"type":"binary-expr","locations":[{"start":{"line":70,"column":15},"end":{"line":70,"column":29}},{"start":{"line":70,"column":29},"end":{"line":70,"column":31}}],"line":70},"3":{"loc":{"start":{"line":90,"column":15},"end":{"line":90,"column":31}},"type":"binary-expr","locations":[{"start":{"line":90,"column":15},"end":{"line":90,"column":29}},{"start":{"line":90,"column":29},"end":{"line":90,"column":31}}],"line":90},"4":{"loc":{"start":{"line":110,"column":18},"end":{"line":110,"column":null}},"type":"binary-expr","locations":[{"start":{"line":110,"column":18},"end":{"line":110,"column":32}},{"start":{"line":110,"column":32},"end":{"line":110,"column":null}}],"line":110},"5":{"loc":{"start":{"line":113,"column":30},"end":{"line":113,"column":88}},"type":"binary-expr","locations":[{"start":{"line":113,"column":30},"end":{"line":113,"column":43}},{"start":{"line":113,"column":43},"end":{"line":113,"column":88}}],"line":113},"6":{"loc":{"start":{"line":114,"column":23},"end":{"line":114,"column":81}},"type":"binary-expr","locations":[{"start":{"line":114,"column":23},"end":{"line":114,"column":36}},{"start":{"line":114,"column":36},"end":{"line":114,"column":81}}],"line":114},"7":{"loc":{"start":{"line":135,"column":12},"end":{"line":139,"column":null}},"type":"if","locations":[{"start":{"line":135,"column":12},"end":{"line":139,"column":null}},{"start":{},"end":{}}],"line":135}},"s":{"0":0,"1":0,"2":0,"3":0,"4":0,"5":0,"6":0,"7":0,"8":0,"9":0,"10":0,"11":0,"12":0,"13":0,"14":0,"15":0,"16":0,"17":0,"18":0,"19":0,"20":0,"21":0,"22":0,"23":0,"24":0,"25":0,"26":0,"27":0,"28":0,"29":0,"30":0,"31":0,"32":0,"33":0,"34":0,"35":0,"36":0,"37":0,"38":0,"39":0,"40":0},"f":{"0":0,"1":0,"2":0,"3":0,"4":0,"5":0,"6":0,"7":0,"8":0,"9":0,"10":0,"11":0},"b":{"0":[0,0],"1":[0,0],"2":[0,0],"3":[0,0],"4":[0,0],"5":[0,0],"6":[0,0],"7":[0,0]},"meta":{"lastBranch":8,"lastFunction":12,"lastStatement":41,"seen":{"s:19:13:42:Infinity":0,"s:51:22:59:Infinity":1,"s:62:19:70:Infinity":2,"s:79:12:90:Infinity":3,"s:100:15:118:Infinity":4,"s:127:15:151:Infinity":5,"s:154:13:163:Infinity":6,"s:173:17:184:Infinity":7,"s:194:17:215:Infinity":8,"f:19:13:19:20":0,"s:20:8:42:Infinity":9,"f:20:41:20:48":1,"s:21:25:30:14":10,"b:32:12:38:Infinity:undefined:undefined:undefined:undefined":0,"s:32:12:38:Infinity":11,"s:33:16:38:Infinity":12,"s:41:12:41:Infinity":13,"f:51:22:51:29":2,"s:52:21:57:10":14,"s:59:8:59:Infinity":15,"b:59:15:59:32:59:32:59:34":1,"f:62:19:62:26":3,"s:63:21:68:10":16,"s:70:8:70:Infinity":17,"b:70:15:70:29:70:29:70:31":2,"f:79:12:79:19":4,"s:80:21:88:10":18,"s:90:8:90:Infinity":19,"b:90:15:90:29:90:29:90:31":3,"f:100:15:100:22":5,"s:102:25:105:Infinity":20,"s:107:8:107:Infinity":21,"s:109:22:116:10":22,"b:110:18:110:32:110:32:110:Infinity":4,"b:113:30:113:43:113:43:113:88":5,"b:114:23:114:36:114:36:114:81":6,"s:118:8:118:Infinity":23,"f:127:15:127:22":6,"s:128:8:151:Infinity":24,"f:128:41:128:48":7,"s:129:25:131:Infinity":25,"b:135:12:139:Infinity:undefined:undefined:undefined:undefined":7,"s:135:12:139:Infinity":26,"s:136:16:138:Infinity":27,"s:139:16:139:Infinity":28,"s:141:12:148:Infinity":29,"s:150:12:150:Infinity":30,"f:154:13:154:20":8,"s:155:21:161:10":31,"s:163:8:163:Infinity":32,"f:173:17:173:24":9,"s:174:21:182:10":33,"s:184:8:184:Infinity":34,"f:194:17:194:24":10,"s:195:8:215:Infinity":35,"f:195:41:195:48":11,"s:196:25:200:14":36,"s:204:12:211:Infinity":37,"s:205:16:209:Infinity":38,"s:211:16:211:Infinity":39,"s:214:12:214:Infinity":40}}}
,"C:\\Users\\kanaka\\Documents\\Training\\BACKEND\\TechReel\\backend\\src\\service\\auth.service.ts": {"path":"C:\\Users\\kanaka\\Documents\\Training\\BACKEND\\TechReel\\backend\\src\\service\\auth.service.ts","statementMap":{"0":{"start":{"line":20,"column":12},"end":{"line":40,"column":null}},"1":{"start":{"line":49,"column":26},"end":{"line":58,"column":null}},"2":{"start":{"line":67,"column":29},"end":{"line":76,"column":null}},"3":{"start":{"line":87,"column":13},"end":{"line":100,"column":null}},"4":{"start":{"line":109,"column":17},"end":{"line":127,"column":null}},"5":{"start":{"line":137,"column":17},"end":{"line":147,"column":null}},"6":{"start":{"line":11,"column":24},"end":{"line":11,"column":53}},"7":{"start":{"line":11,"column":61},"end":{"line":11,"column":90}},"8":{"start":{"line":21,"column":21},"end":{"line":21,"column":69}},"9":{"start":{"line":22,"column":8},"end":{"line":24,"column":null}},"10":{"start":{"line":23,"column":12},"end":{"line":23,"column":null}},"11":{"start":{"line":24,"column":12},"end":{"line":24,"column":null}},"12":{"start":{"line":27,"column":8},"end":{"line":29,"column":null}},"13":{"start":{"line":28,"column":12},"end":{"line":28,"column":null}},"14":{"start":{"line":29,"column":12},"end":{"line":29,"column":null}},"15":{"start":{"line":31,"column":28},"end":{"line":31,"column":77}},"16":{"start":{"line":32,"column":25},"end":{"line":32,"column":44}},"17":{"start":{"line":33,"column":29},"end":{"line":33,"column":88}},"18":{"start":{"line":35,"column":8},"end":{"line":38,"column":null}},"19":{"start":{"line":40,"column":8},"end":{"line":40,"column":null}},"20":{"start":{"line":50,"column":33},"end":{"line":50,"column":86}},"21":{"start":{"line":51,"column":8},"end":{"line":51,"column":null}},"22":{"start":{"line":51,"column":34},"end":{"line":51,"column":null}},"23":{"start":{"line":52,"column":28},"end":{"line":52,"column":105}},"24":{"start":{"line":54,"column":8},"end":{"line":56,"column":null}},"25":{"start":{"line":58,"column":8},"end":{"line":58,"column":null}},"26":{"start":{"line":68,"column":28},"end":{"line":68,"column":77}},"27":{"start":{"line":69,"column":25},"end":{"line":69,"column":44}},"28":{"start":{"line":70,"column":29},"end":{"line":70,"column":88}},"29":{"start":{"line":72,"column":8},"end":{"line":74,"column":null}},"30":{"start":{"line":76,"column":8},"end":{"line":76,"column":null}},"31":{"start":{"line":89,"column":8},"end":{"line":92,"column":null}},"32":{"start":{"line":90,"column":12},"end":{"line":90,"column":null}},"33":{"start":{"line":92,"column":12},"end":{"line":92,"column":null}},"34":{"start":{"line":95,"column":8},"end":{"line":98,"column":null}},"35":{"start":{"line":100,"column":8},"end":{"line":100,"column":null}},"36":{"start":{"line":111,"column":21},"end":{"line":111,"column":63}},"37":{"start":{"line":113,"column":8},"end":{"line":118,"column":null}},"38":{"start":{"line":114,"column":12},"end":{"line":116,"column":null}},"39":{"start":{"line":118,"column":12},"end":{"line":118,"column":null}},"40":{"start":{"line":121,"column":22},"end":{"line":121,"column":60}},"41":{"start":{"line":123,"column":8},"end":{"line":125,"column":null}},"42":{"start":{"line":127,"column":8},"end":{"line":127,"column":null}},"43":{"start":{"line":138,"column":31},"end":{"line":138,"column":69}},"44":{"start":{"line":139,"column":23},"end":{"line":139,"column":57}},"45":{"start":{"line":141,"column":8},"end":{"line":141,"column":null}},"46":{"start":{"line":143,"column":8},"end":{"line":145,"column":null}},"47":{"start":{"line":147,"column":8},"end":{"line":147,"column":null}}},"fnMap":{"0":{"name":"(anonymous_0)","decl":{"start":{"line":11,"column":4},"end":{"line":11,"column":16}},"loc":{"start":{"line":11,"column":90},"end":{"line":11,"column":90}},"line":11},"1":{"name":"(anonymous_1)","decl":{"start":{"line":20,"column":12},"end":{"line":20,"column":19}},"loc":{"start":{"line":20,"column":58},"end":{"line":40,"column":null}},"line":20},"2":{"name":"(anonymous_2)","decl":{"start":{"line":49,"column":26},"end":{"line":49,"column":33}},"loc":{"start":{"line":49,"column":58},"end":{"line":58,"column":null}},"line":49},"3":{"name":"(anonymous_3)","decl":{"start":{"line":67,"column":29},"end":{"line":67,"column":36}},"loc":{"start":{"line":67,"column":51},"end":{"line":76,"column":null}},"line":67},"4":{"name":"(anonymous_4)","decl":{"start":{"line":87,"column":13},"end":{"line":87,"column":20}},"loc":{"start":{"line":87,"column":60},"end":{"line":100,"column":null}},"line":87},"5":{"name":"(anonymous_5)","decl":{"start":{"line":109,"column":17},"end":{"line":109,"column":24}},"loc":{"start":{"line":109,"column":42},"end":{"line":127,"column":null}},"line":109},"6":{"name":"(anonymous_6)","decl":{"start":{"line":137,"column":17},"end":{"line":137,"column":24}},"loc":{"start":{"line":137,"column":60},"end":{"line":147,"column":null}},"line":137}},"branchMap":{"0":{"loc":{"start":{"line":22,"column":8},"end":{"line":24,"column":null}},"type":"if","locations":[{"start":{"line":22,"column":8},"end":{"line":24,"column":null}},{"start":{},"end":{}}],"line":22},"1":{"loc":{"start":{"line":22,"column":12},"end":{"line":22,"column":40}},"type":"binary-expr","locations":[{"start":{"line":22,"column":12},"end":{"line":22,"column":24}},{"start":{"line":22,"column":24},"end":{"line":22,"column":40}}],"line":22},"2":{"loc":{"start":{"line":27,"column":8},"end":{"line":29,"column":null}},"type":"if","locations":[{"start":{"line":27,"column":8},"end":{"line":29,"column":null}},{"start":{},"end":{}}],"line":27},"3":{"loc":{"start":{"line":51,"column":8},"end":{"line":51,"column":null}},"type":"if","locations":[{"start":{"line":51,"column":8},"end":{"line":51,"column":null}},{"start":{},"end":{}}],"line":51},"4":{"loc":{"start":{"line":89,"column":8},"end":{"line":92,"column":null}},"type":"if","locations":[{"start":{"line":89,"column":8},"end":{"line":92,"column":null}},{"start":{"line":91,"column":15},"end":{"line":92,"column":null}}],"line":89},"5":{"loc":{"start":{"line":113,"column":8},"end":{"line":118,"column":null}},"type":"if","locations":[{"start":{"line":113,"column":8},"end":{"line":118,"column":null}},{"start":{},"end":{}}],"line":113}},"s":{"0":3,"1":2,"2":1,"3":2,"4":1,"5":1,"6":10,"7":10,"8":3,"9":3,"10":1,"11":1,"12":2,"13":1,"14":1,"15":1,"16":1,"17":1,"18":1,"19":1,"20":2,"21":2,"22":1,"23":1,"24":1,"25":1,"26":1,"27":1,"28":1,"29":1,"30":1,"31":2,"32":1,"33":1,"34":2,"35":2,"36":1,"37":1,"38":0,"39":0,"40":1,"41":1,"42":1,"43":1,"44":1,"45":1,"46":1,"47":1},"f":{"0":10,"1":3,"2":2,"3":1,"4":2,"5":1,"6":1},"b":{"0":[1,2],"1":[3,2],"2":[1,1],"3":[1,1],"4":[1,1],"5":[0,1]},"meta":{"lastBranch":6,"lastFunction":7,"lastStatement":48,"seen":{"s:20:12:40:Infinity":0,"s:49:26:58:Infinity":1,"s:67:29:76:Infinity":2,"s:87:13:100:Infinity":3,"s:109:17:127:Infinity":4,"s:137:17:147:Infinity":5,"f:11:4:11:16":0,"s:11:24:11:53":6,"s:11:61:11:90":7,"f:20:12:20:19":1,"s:21:21:21:69":8,"b:22:8:24:Infinity:undefined:undefined:undefined:undefined":0,"s:22:8:24:Infinity":9,"b:22:12:22:24:22:24:22:40":1,"s:23:12:23:Infinity":10,"s:24:12:24:Infinity":11,"b:27:8:29:Infinity:undefined:undefined:undefined:undefined":2,"s:27:8:29:Infinity":12,"s:28:12:28:Infinity":13,"s:29:12:29:Infinity":14,"s:31:28:31:77":15,"s:32:25:32:44":16,"s:33:29:33:88":17,"s:35:8:38:Infinity":18,"s:40:8:40:Infinity":19,"f:49:26:49:33":2,"s:50:33:50:86":20,"b:51:8:51:Infinity:undefined:undefined:undefined:undefined":3,"s:51:8:51:Infinity":21,"s:51:34:51:Infinity":22,"s:52:28:52:105":23,"s:54:8:56:Infinity":24,"s:58:8:58:Infinity":25,"f:67:29:67:36":3,"s:68:28:68:77":26,"s:69:25:69:44":27,"s:70:29:70:88":28,"s:72:8:74:Infinity":29,"s:76:8:76:Infinity":30,"f:87:13:87:20":4,"b:89:8:92:Infinity:91:15:92:Infinity":4,"s:89:8:92:Infinity":31,"s:90:12:90:Infinity":32,"s:92:12:92:Infinity":33,"s:95:8:98:Infinity":34,"s:100:8:100:Infinity":35,"f:109:17:109:24":5,"s:111:21:111:63":36,"b:113:8:118:Infinity:undefined:undefined:undefined:undefined":5,"s:113:8:118:Infinity":37,"s:114:12:116:Infinity":38,"s:118:12:118:Infinity":39,"s:121:22:121:60":40,"s:123:8:125:Infinity":41,"s:127:8:127:Infinity":42,"f:137:17:137:24":6,"s:138:31:138:69":43,"s:139:23:139:57":44,"s:141:8:141:Infinity":45,"s:143:8:145:Infinity":46,"s:147:8:147:Infinity":47}}}
,"C:\\Users\\kanaka\\Documents\\Training\\BACKEND\\TechReel\\backend\\src\\service\\base.service.ts": {"path":"C:\\Users\\kanaka\\Documents\\Training\\BACKEND\\TechReel\\backend\\src\\service\\base.service.ts","statementMap":{"0":{"start":{"line":37,"column":13},"end":{"line":46,"column":null}},"1":{"start":{"line":57,"column":12},"end":{"line":73,"column":null}},"2":{"start":{"line":85,"column":15},"end":{"line":105,"column":null}},"3":{"start":{"line":115,"column":13},"end":{"line":126,"column":null}},"4":{"start":{"line":136,"column":13},"end":{"line":150,"column":null}},"5":{"start":{"line":12,"column":26},"end":{"line":12,"column":45}},"6":{"start":{"line":12,"column":55},"end":{"line":12,"column":74}},"7":{"start":{"line":22,"column":25},"end":{"line":22,"column":67}},"8":{"start":{"line":23,"column":8},"end":{"line":23,"column":null}},"9":{"start":{"line":25,"column":8},"end":{"line":25,"column":null}},"10":{"start":{"line":27,"column":8},"end":{"line":27,"column":null}},"11":{"start":{"line":39,"column":23},"end":{"line":39,"column":54}},"12":{"start":{"line":40,"column":8},"end":{"line":42,"column":null}},"13":{"start":{"line":44,"column":8},"end":{"line":44,"column":null}},"14":{"start":{"line":46,"column":8},"end":{"line":46,"column":null}},"15":{"start":{"line":60,"column":23},"end":{"line":60,"column":59}},"16":{"start":{"line":61,"column":8},"end":{"line":66,"column":null}},"17":{"start":{"line":62,"column":12},"end":{"line":64,"column":null}},"18":{"start":{"line":66,"column":12},"end":{"line":66,"column":null}},"19":{"start":{"line":69,"column":8},"end":{"line":71,"column":null}},"20":{"start":{"line":73,"column":8},"end":{"line":73,"column":null}},"21":{"start":{"line":88,"column":24},"end":{"line":88,"column":80}},"22":{"start":{"line":90,"column":8},"end":{"line":93,"column":null}},"23":{"start":{"line":91,"column":12},"end":{"line":91,"column":null}},"24":{"start":{"line":93,"column":12},"end":{"line":93,"column":null}},"25":{"start":{"line":96,"column":27},"end":{"line":96,"column":null}},"26":{"start":{"line":98,"column":8},"end":{"line":98,"column":null}},"27":{"start":{"line":100,"column":8},"end":{"line":105,"column":null}},"28":{"start":{"line":118,"column":23},"end":{"line":118,"column":58}},"29":{"start":{"line":120,"column":8},"end":{"line":122,"column":null}},"30":{"start":{"line":124,"column":8},"end":{"line":124,"column":null}},"31":{"start":{"line":126,"column":8},"end":{"line":126,"column":null}},"32":{"start":{"line":138,"column":8},"end":{"line":145,"column":null}},"33":{"start":{"line":140,"column":12},"end":{"line":140,"column":null}},"34":{"start":{"line":141,"column":12},"end":{"line":141,"column":null}},"35":{"start":{"line":144,"column":12},"end":{"line":144,"column":null}},"36":{"start":{"line":145,"column":12},"end":{"line":145,"column":null}},"37":{"start":{"line":148,"column":8},"end":{"line":148,"column":null}},"38":{"start":{"line":150,"column":8},"end":{"line":150,"column":null}}},"fnMap":{"0":{"name":"(anonymous_0)","decl":{"start":{"line":12,"column":4},"end":{"line":12,"column":16}},"loc":{"start":{"line":12,"column":74},"end":{"line":12,"column":74}},"line":12},"1":{"name":"(anonymous_1)","decl":{"start":{"line":21,"column":4},"end":{"line":21,"column":7}},"loc":{"start":{"line":21,"column":28},"end":{"line":27,"column":null}},"line":21},"2":{"name":"(anonymous_2)","decl":{"start":{"line":37,"column":13},"end":{"line":37,"column":20}},"loc":{"start":{"line":37,"column":48},"end":{"line":46,"column":null}},"line":37},"3":{"name":"(anonymous_3)","decl":{"start":{"line":57,"column":12},"end":{"line":57,"column":19}},"loc":{"start":{"line":57,"column":63},"end":{"line":73,"column":null}},"line":57},"4":{"name":"(anonymous_4)","decl":{"start":{"line":85,"column":15},"end":{"line":85,"column":22}},"loc":{"start":{"line":85,"column":84},"end":{"line":105,"column":null}},"line":85},"5":{"name":"(anonymous_5)","decl":{"start":{"line":115,"column":13},"end":{"line":115,"column":20}},"loc":{"start":{"line":115,"column":75},"end":{"line":126,"column":null}},"line":115},"6":{"name":"(anonymous_6)","decl":{"start":{"line":136,"column":13},"end":{"line":136,"column":20}},"loc":{"start":{"line":136,"column":79},"end":{"line":150,"column":null}},"line":136}},"branchMap":{"0":{"loc":{"start":{"line":44,"column":33},"end":{"line":44,"column":75}},"type":"cond-expr","locations":[{"start":{"line":44,"column":49},"end":{"line":44,"column":65}},{"start":{"line":44,"column":65},"end":{"line":44,"column":75}}],"line":44},"1":{"loc":{"start":{"line":61,"column":8},"end":{"line":66,"column":null}},"type":"if","locations":[{"start":{"line":61,"column":8},"end":{"line":66,"column":null}},{"start":{},"end":{}}],"line":61},"2":{"loc":{"start":{"line":61,"column":12},"end":{"line":61,"column":35}},"type":"binary-expr","locations":[{"start":{"line":61,"column":12},"end":{"line":61,"column":23}},{"start":{"line":61,"column":23},"end":{"line":61,"column":35}}],"line":61},"3":{"loc":{"start":{"line":90,"column":8},"end":{"line":93,"column":null}},"type":"if","locations":[{"start":{"line":90,"column":8},"end":{"line":93,"column":null}},{"start":{},"end":{}}],"line":90},"4":{"loc":{"start":{"line":124,"column":33},"end":{"line":124,"column":75}},"type":"cond-expr","locations":[{"start":{"line":124,"column":49},"end":{"line":124,"column":65}},{"start":{"line":124,"column":65},"end":{"line":124,"column":75}}],"line":124},"5":{"loc":{"start":{"line":138,"column":8},"end":{"line":145,"column":null}},"type":"if","locations":[{"start":{"line":138,"column":8},"end":{"line":145,"column":null}},{"start":{"line":142,"column":15},"end":{"line":145,"column":null}}],"line":138},"6":{"loc":{"start":{"line":148,"column":33},"end":{"line":148,"column":75}},"type":"cond-expr","locations":[{"start":{"line":148,"column":49},"end":{"line":148,"column":65}},{"start":{"line":148,"column":65},"end":{"line":148,"column":75}}],"line":148}},"s":{"0":2,"1":4,"2":4,"3":1,"4":2,"5":21,"6":21,"7":1,"8":1,"9":1,"10":1,"11":2,"12":2,"13":2,"14":2,"15":4,"16":4,"17":2,"18":2,"19":2,"20":2,"21":4,"22":4,"23":2,"24":2,"25":2,"26":2,"27":2,"28":1,"29":1,"30":1,"31":1,"32":2,"33":1,"34":1,"35":1,"36":1,"37":2,"38":2},"f":{"0":21,"1":1,"2":2,"3":4,"4":4,"5":1,"6":2},"b":{"0":[1,1],"1":[2,2],"2":[4,2],"3":[2,2],"4":[1,0],"5":[1,1],"6":[1,1]},"meta":{"lastBranch":7,"lastFunction":7,"lastStatement":39,"seen":{"s:37:13:46:Infinity":0,"s:57:12:73:Infinity":1,"s:85:15:105:Infinity":2,"s:115:13:126:Infinity":3,"s:136:13:150:Infinity":4,"f:12:4:12:16":0,"s:12:26:12:45":5,"s:12:55:12:74":6,"f:21:4:21:7":1,"s:22:25:22:67":7,"s:23:8:23:Infinity":8,"s:25:8:25:Infinity":9,"s:27:8:27:Infinity":10,"f:37:13:37:20":2,"s:39:23:39:54":11,"s:40:8:42:Infinity":12,"s:44:8:44:Infinity":13,"b:44:49:44:65:44:65:44:75":0,"s:46:8:46:Infinity":14,"f:57:12:57:19":3,"s:60:23:60:59":15,"b:61:8:66:Infinity:undefined:undefined:undefined:undefined":1,"s:61:8:66:Infinity":16,"b:61:12:61:23:61:23:61:35":2,"s:62:12:64:Infinity":17,"s:66:12:66:Infinity":18,"s:69:8:71:Infinity":19,"s:73:8:73:Infinity":20,"f:85:15:85:22":4,"s:88:24:88:80":21,"b:90:8:93:Infinity:undefined:undefined:undefined:undefined":3,"s:90:8:93:Infinity":22,"s:91:12:91:Infinity":23,"s:93:12:93:Infinity":24,"s:96:27:96:Infinity":25,"s:98:8:98:Infinity":26,"s:100:8:105:Infinity":27,"f:115:13:115:20":5,"s:118:23:118:58":28,"s:120:8:122:Infinity":29,"s:124:8:124:Infinity":30,"b:124:49:124:65:124:65:124:75":4,"s:126:8:126:Infinity":31,"f:136:13:136:20":6,"b:138:8:145:Infinity:142:15:145:Infinity":5,"s:138:8:145:Infinity":32,"s:140:12:140:Infinity":33,"s:141:12:141:Infinity":34,"s:144:12:144:Infinity":35,"s:145:12:145:Infinity":36,"s:148:8:148:Infinity":37,"b:148:49:148:65:148:65:148:75":6,"s:150:8:150:Infinity":38}}}
,"C:\\Users\\kanaka\\Documents\\Training\\BACKEND\\TechReel\\backend\\src\\service\\token.service.ts": {"path":"C:\\Users\\kanaka\\Documents\\Training\\BACKEND\\TechReel\\backend\\src\\service\\token.service.ts","statementMap":{"0":{"start":{"line":15,"column":23},"end":{"line":15,"column":51}},"1":{"start":{"line":30,"column":13},"end":{"line":57,"column":null}},"2":{"start":{"line":70,"column":13},"end":{"line":102,"column":null}},"3":{"start":{"line":113,"column":17},"end":{"line":127,"column":null}},"4":{"start":{"line":19,"column":8},"end":{"line":19,"column":null}},"5":{"start":{"line":31,"column":39},"end":{"line":31,"column":70}},"6":{"start":{"line":33,"column":8},"end":{"line":35,"column":null}},"7":{"start":{"line":37,"column":8},"end":{"line":37,"column":null}},"8":{"start":{"line":41,"column":8},"end":{"line":54,"column":null}},"9":{"start":{"line":42,"column":24},"end":{"line":42,"column":null}},"10":{"start":{"line":44,"column":28},"end":{"line":52,"column":14}},"11":{"start":{"line":54,"column":12},"end":{"line":54,"column":null}},"12":{"start":{"line":57,"column":8},"end":{"line":57,"column":null}},"13":{"start":{"line":71,"column":37},"end":{"line":71,"column":72}},"14":{"start":{"line":73,"column":8},"end":{"line":75,"column":null}},"15":{"start":{"line":77,"column":8},"end":{"line":77,"column":null}},"16":{"start":{"line":79,"column":8},"end":{"line":82,"column":null}},"17":{"start":{"line":87,"column":20},"end":{"line":87,"column":null}},"18":{"start":{"line":89,"column":24},"end":{"line":97,"column":10}},"19":{"start":{"line":99,"column":8},"end":{"line":99,"column":null}},"20":{"start":{"line":102,"column":8},"end":{"line":102,"column":null}},"21":{"start":{"line":114,"column":38},"end":{"line":114,"column":67}},"22":{"start":{"line":116,"column":8},"end":{"line":118,"column":null}},"23":{"start":{"line":120,"column":8},"end":{"line":120,"column":null}},"24":{"start":{"line":122,"column":8},"end":{"line":125,"column":null}},"25":{"start":{"line":127,"column":8},"end":{"line":127,"column":null}}},"fnMap":{"0":{"name":"(anonymous_0)","decl":{"start":{"line":18,"column":4},"end":{"line":18,"column":16}},"loc":{"start":{"line":18,"column":42},"end":{"line":19,"column":null}},"line":18},"1":{"name":"(anonymous_1)","decl":{"start":{"line":30,"column":13},"end":{"line":30,"column":20}},"loc":{"start":{"line":30,"column":54},"end":{"line":57,"column":null}},"line":30},"2":{"name":"(anonymous_2)","decl":{"start":{"line":70,"column":13},"end":{"line":70,"column":20}},"loc":{"start":{"line":70,"column":67},"end":{"line":102,"column":null}},"line":70},"3":{"name":"(anonymous_3)","decl":{"start":{"line":113,"column":17},"end":{"line":113,"column":24}},"loc":{"start":{"line":113,"column":39},"end":{"line":127,"column":null}},"line":113}},"branchMap":{"0":{"loc":{"start":{"line":41,"column":8},"end":{"line":54,"column":null}},"type":"if","locations":[{"start":{"line":41,"column":8},"end":{"line":54,"column":null}},{"start":{},"end":{}}],"line":41}},"s":{"0":1,"1":2,"2":1,"3":1,"4":4,"5":2,"6":2,"7":2,"8":2,"9":1,"10":1,"11":1,"12":2,"13":1,"14":1,"15":1,"16":1,"17":1,"18":1,"19":1,"20":1,"21":1,"22":1,"23":1,"24":1,"25":1},"f":{"0":4,"1":2,"2":1,"3":1},"b":{"0":[1,1]},"meta":{"lastBranch":1,"lastFunction":4,"lastStatement":26,"seen":{"s:15:23:15:51":0,"s:30:13:57:Infinity":1,"s:70:13:102:Infinity":2,"s:113:17:127:Infinity":3,"f:18:4:18:16":0,"s:19:8:19:Infinity":4,"f:30:13:30:20":1,"s:31:39:31:70":5,"s:33:8:35:Infinity":6,"s:37:8:37:Infinity":7,"b:41:8:54:Infinity:undefined:undefined:undefined:undefined":0,"s:41:8:54:Infinity":8,"s:42:24:42:Infinity":9,"s:44:28:52:14":10,"s:54:12:54:Infinity":11,"s:57:8:57:Infinity":12,"f:70:13:70:20":2,"s:71:37:71:72":13,"s:73:8:75:Infinity":14,"s:77:8:77:Infinity":15,"s:79:8:82:Infinity":16,"s:87:20:87:Infinity":17,"s:89:24:97:10":18,"s:99:8:99:Infinity":19,"s:102:8:102:Infinity":20,"f:113:17:113:24":3,"s:114:38:114:67":21,"s:116:8:118:Infinity":22,"s:120:8:120:Infinity":23,"s:122:8:125:Infinity":24,"s:127:8:127:Infinity":25}}}
,"C:\\Users\\kanaka\\Documents\\Training\\BACKEND\\TechReel\\backend\\src\\service\\user.service.ts": {"path":"C:\\Users\\kanaka\\Documents\\Training\\BACKEND\\TechReel\\backend\\src\\service\\user.service.ts","statementMap":{"0":{"start":{"line":16,"column":24},"end":{"line":16,"column":51}},"1":{"start":{"line":27,"column":13},"end":{"line":44,"column":null}},"2":{"start":{"line":53,"column":18},"end":{"line":62,"column":null}},"3":{"start":{"line":71,"column":12},"end":{"line":84,"column":null}},"4":{"start":{"line":95,"column":15},"end":{"line":105,"column":null}},"5":{"start":{"line":115,"column":13},"end":{"line":122,"column":null}},"6":{"start":{"line":133,"column":13},"end":{"line":160,"column":null}},"7":{"start":{"line":19,"column":24},"end":{"line":19,"column":53}},"8":{"start":{"line":29,"column":31},"end":{"line":29,"column":74}},"9":{"start":{"line":30,"column":21},"end":{"line":33,"column":10}},"10":{"start":{"line":35,"column":27},"end":{"line":35,"column":65}},"11":{"start":{"line":37,"column":8},"end":{"line":40,"column":null}},"12":{"start":{"line":42,"column":8},"end":{"line":42,"column":null}},"13":{"start":{"line":44,"column":8},"end":{"line":44,"column":null}},"14":{"start":{"line":54,"column":23},"end":{"line":54,"column":57}},"15":{"start":{"line":56,"column":8},"end":{"line":56,"column":null}},"16":{"start":{"line":58,"column":8},"end":{"line":60,"column":null}},"17":{"start":{"line":62,"column":8},"end":{"line":62,"column":null}},"18":{"start":{"line":72,"column":21},"end":{"line":72,"column":53}},"19":{"start":{"line":73,"column":8},"end":{"line":77,"column":null}},"20":{"start":{"line":74,"column":12},"end":{"line":76,"column":null}},"21":{"start":{"line":77,"column":12},"end":{"line":77,"column":null}},"22":{"start":{"line":80,"column":8},"end":{"line":82,"column":null}},"23":{"start":{"line":84,"column":8},"end":{"line":84,"column":null}},"24":{"start":{"line":96,"column":24},"end":{"line":96,"column":84}},"25":{"start":{"line":98,"column":8},"end":{"line":100,"column":null}},"26":{"start":{"line":99,"column":12},"end":{"line":99,"column":null}},"27":{"start":{"line":100,"column":12},"end":{"line":100,"column":null}},"28":{"start":{"line":103,"column":8},"end":{"line":103,"column":null}},"29":{"start":{"line":105,"column":8},"end":{"line":105,"column":null}},"30":{"start":{"line":105,"column":37},"end":{"line":105,"column":57}},"31":{"start":{"line":116,"column":21},"end":{"line":116,"column":60}},"32":{"start":{"line":118,"column":8},"end":{"line":120,"column":null}},"33":{"start":{"line":122,"column":8},"end":{"line":122,"column":null}},"34":{"start":{"line":137,"column":8},"end":{"line":148,"column":null}},"35":{"start":{"line":138,"column":25},"end":{"line":138,"column":62}},"36":{"start":{"line":139,"column":12},"end":{"line":139,"column":null}},"37":{"start":{"line":140,"column":12},"end":{"line":140,"column":null}},"38":{"start":{"line":141,"column":12},"end":{"line":143,"column":null}},"39":{"start":{"line":145,"column":12},"end":{"line":145,"column":null}},"40":{"start":{"line":146,"column":12},"end":{"line":148,"column":null}},"41":{"start":{"line":151,"column":8},"end":{"line":151,"column":null}},"42":{"start":{"line":153,"column":8},"end":{"line":157,"column":null}},"43":{"start":{"line":154,"column":12},"end":{"line":157,"column":null}},"44":{"start":{"line":160,"column":8},"end":{"line":160,"column":null}}},"fnMap":{"0":{"name":"(anonymous_0)","decl":{"start":{"line":19,"column":4},"end":{"line":19,"column":16}},"loc":{"start":{"line":19,"column":53},"end":{"line":19,"column":53}},"line":19},"1":{"name":"(anonymous_1)","decl":{"start":{"line":27,"column":13},"end":{"line":27,"column":20}},"loc":{"start":{"line":27,"column":34},"end":{"line":44,"column":null}},"line":27},"2":{"name":"(anonymous_2)","decl":{"start":{"line":53,"column":18},"end":{"line":53,"column":25}},"loc":{"start":{"line":53,"column":43},"end":{"line":62,"column":null}},"line":53},"3":{"name":"(anonymous_3)","decl":{"start":{"line":71,"column":12},"end":{"line":71,"column":19}},"loc":{"start":{"line":71,"column":34},"end":{"line":84,"column":null}},"line":71},"4":{"name":"(anonymous_4)","decl":{"start":{"line":95,"column":15},"end":{"line":95,"column":22}},"loc":{"start":{"line":95,"column":84},"end":{"line":105,"column":null}},"line":95},"5":{"name":"(anonymous_5)","decl":{"start":{"line":105,"column":23},"end":{"line":105,"column":28}},"loc":{"start":{"line":105,"column":37},"end":{"line":105,"column":57}},"line":105},"6":{"name":"(anonymous_6)","decl":{"start":{"line":115,"column":13},"end":{"line":115,"column":20}},"loc":{"start":{"line":115,"column":57},"end":{"line":122,"column":null}},"line":115},"7":{"name":"(anonymous_7)","decl":{"start":{"line":133,"column":13},"end":{"line":133,"column":20}},"loc":{"start":{"line":133,"column":50},"end":{"line":160,"column":null}},"line":133}},"branchMap":{"0":{"loc":{"start":{"line":73,"column":8},"end":{"line":77,"column":null}},"type":"if","locations":[{"start":{"line":73,"column":8},"end":{"line":77,"column":null}},{"start":{},"end":{}}],"line":73},"1":{"loc":{"start":{"line":98,"column":8},"end":{"line":100,"column":null}},"type":"if","locations":[{"start":{"line":98,"column":8},"end":{"line":100,"column":null}},{"start":{},"end":{}}],"line":98},"2":{"loc":{"start":{"line":137,"column":8},"end":{"line":148,"column":null}},"type":"if","locations":[{"start":{"line":137,"column":8},"end":{"line":148,"column":null}},{"start":{"line":144,"column":15},"end":{"line":148,"column":null}}],"line":137},"3":{"loc":{"start":{"line":153,"column":8},"end":{"line":157,"column":null}},"type":"if","locations":[{"start":{"line":153,"column":8},"end":{"line":157,"column":null}},{"start":{},"end":{}}],"line":153}},"s":{"0":1,"1":2,"2":2,"3":2,"4":2,"5":0,"6":2,"7":14,"8":2,"9":1,"10":1,"11":1,"12":1,"13":1,"14":2,"15":2,"16":1,"17":1,"18":2,"19":2,"20":1,"21":1,"22":1,"23
[...]
,"C:\\Users\\kanaka\\Documents\\Training\\BACKEND\\TechReel\\backend\\src\\utils\\logger.ts": {"path":"C:\\Users\\kanaka\\Documents\\Training\\BACKEND\\TechReel\\backend\\src\\utils\\logger.ts","statementMap":{"0":{"start":{"line":3,"column":15},"end":{"line":9,"column":null}},"1":{"start":{"line":11,"column":15},"end":{"line":17,"column":null}},"2":{"start":{"line":19,"column":0},"end":{"line":19,"column":null}},"3":{"start":{"line":21,"column":6},"end":{"line":47,"column":2}},"4":{"start":{"line":40,"column":20},"end":{"line":41,"column":null}},"5":{"start":{"line":50,"column":0},"end":{"line":56,"column":null}},"6":{"start":{"line":51,"column":4},"end":{"line":56,"column":null}}},"fnMap":{"0":{"name":"(anonymous_0)","decl":{"start":{"line":39,"column":23},"end":{"line":39,"column":31}},"loc":{"start":{"line":39,"column":74},"end":{"line":43,"column":null}},"line":39}},"branchMap":{"0":{"loc":{"start":{"line":22,"column":4},"end":{"line":22,"column":null}},"type":"cond-expr","locations":[{"start":{"line":22,"column":51},"end":{"line":22,"column":60}},{"start":{"line":22,"column":60},"end":{"line":22,"column":null}}],"line":22},"1":{"loc":{"start":{"line":41,"column":24},"end":{"line":41,"column":null}},"type":"cond-expr","locations":[{"start":{"line":41,"column":51},"end":{"line":41,"column":71}},{"start":{"line":41,"column":74},"end":{"line":41,"column":null}}],"line":41},"2":{"loc":{"start":{"line":50,"column":0},"end":{"line":56,"column":null}},"type":"if","locations":[{"start":{"line":50,"column":0},"end":{"line":56,"column":null}},{"start":{},"end":{}}],"line":50}},"s":{"0":3,"1":3,"2":3,"3":3,"4":2,"5":3,"6":3},"f":{"0":2},"b":{"0":[0,3],"1":[1,1],"2":[3,0]},"meta":{"lastBranch":3,"lastFunction":1,"lastStatement":7,"seen":{"s:3:15:9:Infinity":0,"s:11:15:17:Infinity":1,"s:19:0:19:Infinity":2,"s:21:6:47:2":3,"b:22:51:22:60:22:60:22:Infinity":0,"f:39:23:39:31":0,"s:40:20:41:Infinity":4,"b:41:51:41:71:41:74:41:Infinity":1,"b:50:0:56:Infinity:undefined:undefined:undefined:undefined":2,"s:50:0:56:Infinity":5,"s:51:4:56:Infinity":6}}}
,"C:\\Users\\kanaka\\Documents\\Training\\BACKEND\\TechReel\\backend\\src\\utils\\redis.utils.ts": {"path":"C:\\Users\\kanaka\\Documents\\Training\\BACKEND\\TechReel\\backend\\src\\utils\\redis.utils.ts","statementMap":{"0":{"start":{"line":8,"column":4},"end":{"line":16,"column":null}},"1":{"start":{"line":19,"column":20},"end":{"line":52,"column":null}},"2":{"start":{"line":56,"column":4},"end":{"line":61,"column":null}},"3":{"start":{"line":64,"column":17},"end":{"line":85,"column":null}},"4":{"start":{"line":88,"column":24},"end":{"line":92,"column":null}},"5":{"start":{"line":9,"column":23},"end":{"line":9,"column":null}},"6":{"start":{"line":10,"column":14},"end":{"line":10,"column":81}},"7":{"start":{"line":12,"column":28},"end":{"line":12,"column":134}},"8":{"start":{"line":12,"column":69},"end":{"line":12,"column":124}},"9":{"start":{"line":14,"column":21},"end":{"line":14,"column":48}},"10":{"start":{"line":16,"column":8},"end":{"line":16,"column":null}},"11":{"start":{"line":20,"column":35},"end":{"line":20,"column":57}},"12":{"start":{"line":21,"column":24},"end":{"line":21,"column":null}},"13":{"start":{"line":23,"column":8},"end":{"line":52,"column":null}},"14":{"start":{"line":24,"column":27},"end":{"line":27,"column":14}},"15":{"start":{"line":29,"column":12},"end":{"line":33,"column":null}},"16":{"start":{"line":30,"column":16},"end":{"line":31,"column":null}},"17":{"start":{"line":31,"column":20},"end":{"line":31,"column":null}},"18":{"start":{"line":35,"column":12},"end":{"line":42,"column":null}},"19":{"start":{"line":36,"column":16},"end":{"line":41,"column":null}},"20":{"start":{"line":44,"column":12},"end":{"line":46,"column":null}},"21":{"start":{"line":45,"column":16},"end":{"line":45,"column":null}},"22":{"start":{"line":49,"column":12},"end":{"line":52,"column":null}},"23":{"start":{"line":57,"column":8},"end":{"line":61,"column":null}},"24":{"start":{"line":65,"column":8},"end":{"line":85,"column":null}},"25":{"start":{"line":66,"column":24},"end":{"line":66,"column":55}},"26":{"start":{"line":67,"column":27},"end":{"line":67,"column":51}},"27":{"start":{"line":68,"column":12},"end":{"line":82,"column":null}},"28":{"start":{"line":69,"column":30},"end":{"line":69,"column":null}},"29":{"start":{"line":71,"column":16},"end":{"line":76,"column":null}},"30":{"start":{"line":78,"column":16},"end":{"line":82,"column":null}},"31":{"start":{"line":85,"column":12},"end":{"line":85,"column":null}},"32":{"start":{"line":89,"column":8},"end":{"line":92,"column":null}},"33":{"start":{"line":96,"column":19},"end":{"line":96,"column":40}}},"fnMap":{"0":{"name":"(anonymous_0)","decl":{"start":{"line":8,"column":4},"end":{"line":8,"column":19}},"loc":{"start":{"line":8,"column":58},"end":{"line":16,"column":null}},"line":8},"1":{"name":"(anonymous_1)","decl":{"start":{"line":12,"column":58},"end":{"line":12,"column":62}},"loc":{"start":{"line":12,"column":69},"end":{"line":12,"column":124}},"line":12},"2":{"name":"(anonymous_2)","decl":{"start":{"line":19,"column":20},"end":{"line":19,"column":27}},"loc":{"start":{"line":19,"column":80},"end":{"line":52,"column":null}},"line":19},"3":{"name":"(anonymous_3)","decl":{"start":{"line":29,"column":30},"end":{"line":29,"column":37}},"loc":{"start":{"line":29,"column":56},"end":{"line":33,"column":null}},"line":29},"4":{"name":"(anonymous_4)","decl":{"start":{"line":35,"column":22},"end":{"line":35,"column":35}},"loc":{"start":{"line":35,"column":35},"end":{"line":42,"column":null}},"line":35},"5":{"name":"(anonymous_5)","decl":{"start":{"line":44,"column":22},"end":{"line":44,"column":32}},"loc":{"start":{"line":44,"column":40},"end":{"line":46,"column":null}},"line":44},"6":{"name":"(anonymous_6)","decl":{"start":{"line":56,"column":4},"end":{"line":56,"column":27}},"loc":{"start":{"line":56,"column":44},"end":{"line":61,"column":null}},"line":56},"7":{"name":"(anonymous_7)","decl":{"start":{"line":64,"column":17},"end":{"line":64,"column":24}},"loc":{"start":{"line":64,"column":77},"end":{"line":85,"column":null}},"line":64},"8":{"name":"(anonymous_8)","decl":{"start":{"line":88,"column":24},"end":{"line":88,"column":31}},"loc":{"start":{"line":88,"column":104},"end":{"line":92,"column":null}},"line":88}},"branchMap":{"0":{"loc":{"start":{"line":9,"column":23},"end":{"line":9,"column":null}},"type":"cond-expr","locations":[{"start":{"line":9,"column":43},"end":{"line":9,"column":96}},{"start":{"line":9,"column":96},"end":{"line":9,"column":null}}],"line":9},"1":{"loc":{"start":{"line":9,"column":43},"end":{"line":9,"column":96}},"type":"cond-expr","locations":[{"start":{"line":9,"column":71},"end":{"line":9,"column":81}},{"start":{"line":9,"column":81},"end":{"line":9,"column":96}}],"line":9},"2":{"loc":{"start":{"line":10,"column":26},"end":{"line":10,"column":68}},"type":"binary-expr","locations":[{"start":{"line":10,"column":26},"end":{"line":10,"column":54}},{"start":{"line":10,"column":58},"end":{"line":10,"column":68}}],"line":10},"3":{"loc":{"start":{"line":16,"column":57},"end":{"line":16,"column":null}},"type":"cond-expr","locations":[{"start":{"line":16,"column":71},"end":{"line":16,"column":91}},{"start":{"line":16,"column":91},"end":{"line":16,"column":null}}],"line":16},"4":{"loc":{"start":{"line":30,"column":16},"end":{"line":31,"column":null}},"type":"if","locations":[{"start":{"line":30,"column":16},"end":{"line":31,"column":null}},{"start":{},"end":{}}],"line":30},"5":{"loc":{"start":{"line":68,"column":12},"end":{"line":82,"column":null}},"type":"if","locations":[{"start":{"line":68,"column":12},"end":{"line":82,"column":null}},{"start":{},"end":{}}],"line":68},"6":{"loc":{"start":{"line":69,"column":30},"end":{"line":69,"column":null}},"type":"cond-expr","locations":[{"start":{"line":69,"column":55},"end":{"line":69,"column":59}},{"start":{"line":69,"column":59},"end":{"line":69,"column":null}}],"line":69}},"s":{"0":1,"1":0,"2":1,"3":0,"4":0,"5":1,"6":1,"7":1,"8":0,"9":1,"10":1,"11":0,"12":0,"13":0,"14":0,"15":0,"16":0,"17":0,"18":0,"19":0,"20":0,"21":0,"22":0,"23":1,"24":0,"25":0,"26":0,"27":0,"28":0,"29":0,"30":0,"31":0,"32":0,"33":3},"f":{"0":1,"1":0,"2":0,"3":0,"4":0,"5":0,"6":1,"7":0,"8":0},"b":{"0":[0,1],"1":[0,0],"2":[1,0],"3":[0,1],"4":[0,0],"5":[0,0],"6":[0,0]},"meta":{"lastBranch":7,"lastFunction":9,"lastStatement":34,"seen":{"s:8:4:16:Infinity":0,"s:19:20:52:Infinity":1,"s:56:4:61:Infinity":2,"s:64:17:85:Infinity":3,"s:88:24:92:Infinity":4,"f:8:4:8:19":0,"s:9:23:9:Infinity":5,"b:9:43:9:96:9:96:9:Infinity":0,"b:9:71:9:81:9:81:9:96":1,"s:10:14:10:81":6,"b:10:26:10:54:10:58:10:68":2,"s:12:28:12:134":7,"f:12:58:12:62":1,"s:12:69:12:124":8,"s:14:21:14:48":9,"s:16:8:16:Infinity":10,"b:16:71:16:91:16:91:16:Infinity":3,"f:19:20:19:27":2,"s:20:35:20:57":11,"s:21:24:21:Infinity":12,"s:23:8:52:Infinity":13,"s:24:27:27:14":14,"s:29:12:33:Infinity":15,"f:29:30:29:37":3,"b:30:16:31:Infinity:undefined:undefined:undefined:undefined":4,"s:30:16:31:Infinity":16,"s:31:20:31:Infinity":17,"s:35:12:42:Infinity":18,"f:35:22:35:35":4,"s:36:16:41:Infinity":19,"s:44:12:46:Infinity":20,"f:44:22:44:32":5,"s:45:16:45:Infinity":21,"s:49:12:52:Infinity":22,"f:56:4:56:27":6,"s:57:8:61:Infinity":23,"f:64:17:64:24":7,"s:65:8:85:Infinity":24,"s:66:24:66:55":25,"s:67:27:67:51":26,"b:68:12:82:Infinity:undefined:undefined:undefined:undefined":5,"s:68:12:82:Infinity":27,"s:69:30:69:Infinity":28,"b:69:55:69:59:69:59:69:Infinity":6,"s:71:16:76:Infinity":29,"s:78:16:82:Infinity":30,"s:85:12:85:Infinity":31,"f:88:24:88:31":8,"s:89:8:92:Infinity":32,"s:96:19:96:40":33}}}
,"C:\\Users\\kanaka\\Documents\\Training\\BACKEND\\TechReel\\backend\\src\\utils\\server.utils.ts": {"path":"C:\\Users\\kanaka\\Documents\\Training\\BACKEND\\TechReel\\backend\\src\\utils\\server.utils.ts","statementMap":{"0":{"start":{"line":11,"column":4},"end":{"line":21,"column":null}},"1":{"start":{"line":23,"column":4},"end":{"line":58,"column":null}},"2":{"start":{"line":61,"column":24},"end":{"line":84,"column":null}},"3":{"start":{"line":12,"column":8},"end":{"line":17,"column":null}},"4":{"start":{"line":13,"column":41},"end":{"line":13,"column":57}},"5":{"start":{"line":14,"column":33},"end":{"line":14,"column":49}},"6":{"start":{"line":16,"column":12},"end":{"line":17,"column":null}},"7":{"start":{"line":17,"column":16},"end":{"line":17,"column":null}},"8":{"start":{"line":21,"column":8},"end":{"line":21,"column":null}},"9":{"start":{"line":24,"column":27},"end":{"line":24,"column":45}},"10":{"start":{"line":25,"column":8},"end":{"line":27,"column":null}},"11":{"start":{"line":26,"column":12},"end":{"line":26,"column":null}},"12":{"start":{"line":29,"column":8},"end":{"line":33,"column":null}},"13":{"start":{"line":30,"column":12},"end":{"line":31,"column":null}},"14":{"start":{"line":31,"column":16},"end":{"line":31,"column":null}},"15":{"start":{"line":34,"column":8},"end":{"line":42,"column":null}},"16":{"start":{"line":35,"column":12},"end":{"line":42,"column":null}},"17":{"start":{"line":36,"column":49},"end":{"line":40,"column":null}},"18":{"start":{"line":45,"column":8},"end":{"line":56,"column":null}},"19":{"start":{"line":46,"column":12},"end":{"line":56,"column":null}},"20":{"start":{"line":58,"column":8},"end":{"line":58,"column":null}},"21":{"start":{"line":62,"column":28},"end":{"line":62,"column":null}},"22":{"start":{"line":64,"column":8},"end":{"line":67,"column":null}},"23":{"start":{"line":65,"column":12},"end":{"line":67,"column":null}},"24":{"start":{"line":70,"column":20},"end":{"line":70,"column":null}},"25":{"start":{"line":72,"column":24},"end":{"line":80,"column":10}},"26":{"start":{"line":82,"column":26},"end":{"line":82,"column":84}},"27":{"start":{"line":84,"column":8},"end":{"line":84,"column":null}},"28":{"start":{"line":89,"column":20},"end":{"line":89,"column":37}}},"fnMap":{"0":{"name":"(anonymous_0)","decl":{"start":{"line":11,"column":4},"end":{"line":11,"column":24}},"loc":{"start":{"line":11,"column":39},"end":{"line":21,"column":null}},"line":11},"1":{"name":"(anonymous_1)","decl":{"start":{"line":23,"column":4},"end":{"line":23,"column":18}},"loc":{"start":{"line":23,"column":97},"end":{"line":58,"column":null}},"line":23},"2":{"name":"(anonymous_2)","decl":{"start":{"line":25,"column":34},"end":{"line":25,"column":43}},"loc":{"start":{"line":25,"column":60},"end":{"line":27,"column":null}},"line":25},"3":{"name":"(anonymous_3)","decl":{"start":{"line":29,"column":38},"end":{"line":29,"column":47}},"loc":{"start":{"line":29,"column":64},"end":{"line":33,"column":null}},"line":29},"4":{"name":"(anonymous_4)","decl":{"start":{"line":36,"column":33},"end":{"line":36,"column":38}},"loc":{"start":{"line":36,"column":49},"end":{"line":40,"column":null}},"line":36},"5":{"name":"(anonymous_5)","decl":{"start":{"line":61,"column":24},"end":{"line":61,"column":31}},"loc":{"start":{"line":61,"column":45},"end":{"line":84,"column":null}},"line":61}},"branchMap":{"0":{"loc":{"start":{"line":12,"column":8},"end":{"line":17,"column":null}},"type":"if","locations":[{"start":{"line":12,"column":8},"end":{"line":17,"column":null}},{"start":{},"end":{}}],"line":12},"1":{"loc":{"start":{"line":12,"column":12},"end":{"line":12,"column":59}},"type":"binary-expr","locations":[{"start":{"line":12,"column":12},"end":{"line":12,"column":40}},{"start":{"line":12,"column":40},"end":{"line":12,"column":59}}],"line":12},"2":{"loc":{"start":{"line":16,"column":12},"end":{"line":17,"column":null}},"type":"if","locations":[{"start":{"line":16,"column":12},"end":{"line":17,"column":null}},{"start":{},"end":{}}],"line":16},"3":{"loc":{"start":{"line":16,"column":16},"end":{"line":16,"column":91}},"type":"binary-expr","locations":[{"start":{"line":16,"column":16},"end":{"line":16,"column":67}},{"start":{"line":16,"column":71},"end":{"line":16,"column":91}}],"line":16},"4":{"loc":{"start":{"line":16,"column":52},"end":{"line":16,"column":67}},"type":"binary-expr","locations":[{"start":{"line":16,"column":52},"end":{"line":16,"column":64}},{"start":{"line":16,"column":64},"end":{"line":16,"column":67}}],"line":16},"5":{"loc":{"start":{"line":17,"column":26},"end":{"line":17,"column":43}},"type":"binary-expr","locations":[{"start":{"line":17,"column":26},"end":{"line":17,"column":38}},{"start":{"line":17,"column":38},"end":{"line":17,"column":43}}],"line":17},"6":{"loc":{"start":{"line":29,"column":23},"end":{"line":29,"column":36}},"type":"binary-expr","locations":[{"start":{"line":29,"column":23},"end":{"line":29,"column":34}},{"start":{"line":29,"column":34},"end":{"line":29,"column":36}}],"line":29},"7":{"loc":{"start":{"line":30,"column":12},"end":{"line":31,"column":null}},"type":"if","locations":[{"start":{"line":30,"column":12},"end":{"line":31,"column":null}},{"start":{},"end":{}}],"line":30},"8":{"loc":{"start":{"line":30,"column":16},"end":{"line":30,"column":72}},"type":"binary-expr","locations":[{"start":{"line":30,"column":16},"end":{"line":30,"column":33}},{"start":{"line":30,"column":33},"end":{"line":30,"column":58}},{"start":{"line":30,"column":58},"end":{"line":30,"column":72}}],"line":30},"9":{"loc":{"start":{"line":34,"column":8},"end":{"line":42,"column":null}},"type":"if","locations":[{"start":{"line":34,"column":8},"end":{"line":42,"column":null}},{"start":{},"end":{}}],"line":34},"10":{"loc":{"start":{"line":34,"column":12},"end":{"line":34,"column":52}},"type":"binary-expr","locations":[{"start":{"line":34,"column":12},"end":{"line":34,"column":27}},{"start":{"line":34,"column":27},"end":{"line":34,"column":52}}],"line":34},"11":{"loc":{"start":{"line":45,"column":8},"end":{"line":56,"column":null}},"type":"if","locations":[{"start":{"line":45,"column":8},"end":{"line":56,"column":null}},{"start":{},"end":{}}],"line":45},"12":{"loc":{"start":{"line":45,"column":12},"end":{"line":45,"column":47}},"type":"binary-expr","locations":[{"start":{"line":45,"column":12},"end":{"line":45,"column":34}},{"start":{"line":45,"column":34},"end":{"line":45,"column":47}}],"line":45},"13":{"loc":{"start":{"line":64,"column":8},"end":{"line":67,"column":null}},"type":"if","locations":[{"start":{"line":64,"column":8},"end":{"line":67,"column":null}},{"start":{},"end":{}}],"line":64}},"s":{"0":1,"1":0,"2":1,"3":1,"4":1,"5":1,"6":1,"7":1,"8":0,"9":0,"10":0,"11":0,"12":0,"13":0,"14":0,"15":0,"16":0,"17":0,"18":0,"19":0,"20":0,"21":1,"22":1,"23":0,"24":1,"25":1,"26":1,"27":1,"28":2},"f":{"0":1,"1":0,"2":0,"3":0,"4":0,"5":1},"b":{"0":[1,0],"1":[1,1],"2":[1,0],"3":[1,1],"4":[1,0],"5":[1,0],"6":[0,0],"7":[0,0],"8":[0,0,0],"9":[0,0],"10":[0,0],"11":[0,0],"12":[0,0],"13":[0,1]},"meta":{"lastBranch":14,"lastFunction":6,"lastStatement":29,"seen":{"s:11:4:21:Infinity":0,"s:23:4:58:Infinity":1,"s:61:24:84:Infinity":2,"f:11:4:11:24":0,"b:12:8:17:Infinity:undefined:undefined:undefined:undefined":0,"s:12:8:17:Infinity":3,"b:12:12:12:40:12:40:12:59":1,"s:13:41:13:57":4,"s:14:33:14:49":5,"b:16:12:17:Infinity:undefined:undefined:undefined:undefined":2,"s:16:12:17:Infinity":6,"b:16:16:16:67:16:71:16:91":3,"b:16:52:16:64:16:64:16:67":4,"s:17:16:17:Infinity":7,"b:17:26:17:38:17:38:17:43":5,"s:21:8:21:Infinity":8,"f:23:4:23:18":1,"s:24:27:24:45":9,"s:25:8:27:Infinity":10,"f:25:34:25:43":2,"s:26:12:26:Infinity":11,"s:29:8:33:Infinity":12,"b:29:23:29:34:29:34:29:36":6,"f:29:38:29:47":3,"b:30:12:31:Infinity:undefined:undefined:undefined:undefined":7,"s:30:12:31:Infinity":13,"b:30:16:30:33:30:33:30:58:30:58:30:72":8,"s:31:16:31:Infinity":14,"b:34:8:42:Infinity:undefined:undefined:undefined:undefined":9,"s:34:8:42:Infinity":15,"b:34:12:34:27:34:27:34:52":10,"s:35:12:42:Infinity":16,"f:36:33:36:38":4,"s:36:49:40:Infinity":17,"b:45:8:56:Infinity:undefined:undefined:undefined:undefined":11,"s:45:8:56:Infinity":18,"b:45:12:45:34:45:34:45:47":12,"s:46:12:56:Infinity":19,"s:58:8:58:Infinity":20,"f:61:24:61:31":5,"s:62:28:62:Infinity":21,"b:64:8:67:Infinity:undefined:undefined:undefined:undefined":13,"s:64:8:67:Infinity":22,"s:65:12:67:Infinity":23,"s:70:20:70:Infinity":24,"s:72:24:80:10":25,"s:82:26:82:84":26,"s:84:8:84:Infinity":27,"s:89:20:89:37":28}}}
}
